#
# A fatal error has been detected by the Java Runtime Environment:
#
#  SIGSEGV (0xb) at pc=0x0000000000000000, pid=10720, tid=140047767340800
#
# JRE version: OpenJDK Runtime Environment (7.0_51) (build 1.7.0_51-b00)
# Java VM: OpenJDK 64-Bit Server VM (24.45-b08 mixed mode linux-amd64 compressed oops)
# Problematic frame:
# C  0x0000000000000000
#
# Failed to write core dump. Core dumps have been disabled. To enable core dumping, try "ulimit -c unlimited" before starting Java again
#
# If you would like to submit a bug report, please include
# instructions on how to reproduce the bug and visit:
#   http://icedtea.classpath.org/bugzilla
#

---------------  T H R E A D  ---------------

Current thread is native thread

siginfo:si_signo=SIGSEGV: si_errno=0, si_code=1 (SEGV_MAPERR), si_addr=0x0000000000000000

Registers:
RAX=0x00007f5f6b9897c0, RBX=0x0000000000000400, RCX=0x0000000000000000, RDX=0x0000000000000000
RSP=0x00007f5f696c7ca8, RBP=0x00007f5fb87806a0, RSI=0x0000000000000000, RDI=0x00007f5fb87806a0
R8 =0x0000000000000000, R9 =0x0000000000800000, R10=0x0000000000000000, R11=0x00007f5fc0767c0d
R12=0x00007f5fb8784830, R13=0x0000000000012000, R14=0x0000000000001000, R15=0x00007f5f696c7e58
RIP=0x0000000000000000, EFLAGS=0x0000000000010246, CSGSFS=0x0000000000000033, ERR=0x0000000000000014
  TRAPNO=0x000000000000000e

Top of Stack: (sp=0x00007f5f696c7ca8)
0x00007f5f696c7ca8:   00007f5f6b7524d1 00007f5fc06e0ef0
0x00007f5f696c7cb8:   00007f5f58005b60 00007f5fbb800000
0x00007f5f696c7cc8:   00007f5fc07c7729 0000000000000000
0x00007f5f696c7cd8:   00007f5f6b09afa2 00007f5fb8779810
0x00007f5f696c7ce8:   0000000000000000 0000000000000000
0x00007f5f696c7cf8:   0000000000000000 00007f5fb877c270
0x00007f5f696c7d08:   00007f5fb877c1b0 0000000000002000
0x00007f5f696c7d18:   00007f5f6b0a2cba 00007f5fb8779c40
0x00007f5f696c7d28:   00007f5f50000fb0 0000000000000000
0x00007f5f696c7d38:   5700000000000001 0000000000002000
0x00007f5f696c7d48:   00007f5f6b0a47cb 0000000000000000
0x00007f5f696c7d58:   0000000000000000 0000000000000000
0x00007f5f696c7d68:   0000000000000000 0000000000000000
0x00007f5f696c7d78:   0000000000002000 00007f5fb877c1b0
0x00007f5f696c7d88:   00007f5f696c7e58 00007f5f696c7e50
0x00007f5f696c7d98:   00007f5fb8784830 00007f5f6b0bdc60
0x00007f5f696c7da8:   00007f5f6b50dbe2 00007f5f6002f040
0x00007f5f696c7db8:   00007f5f6000f040 00000400c04d22e0
0x00007f5f696c7dc8:   00007f5f696c7de0 0000000000000000
0x00007f5f696c7dd8:   00007f5f6b512eb2 00001fa00000037f
0x00007f5f696c7de8:   00007f5f6b0889ff 00007f5fb877c270
0x00007f5f696c7df8:   0000000000002000 00007f5fb877bdf0
0x00007f5f696c7e08:   0000000000000000 00007f5fb87806a0
0x00007f5f696c7e18:   0000000000000008 00007f5f696c7e58
0x00007f5f696c7e28:   00007f5f6b768544 0000000000000000
0x00007f5f696c7e38:   00007f5f696c7e50 0000000000002000
0x00007f5f696c7e48:   0000000000008000 00007f5f6000f040
0x00007f5f696c7e58:   0000000000002000 0000000000000000
0x00007f5f696c7e68:   00007f5fb877c0c0 0000000000000000
0x00007f5f696c7e78:   0000000000000000 00007f5fc0ed4060
0x00007f5f696c7e88:   00007f5fc0eb5540 0000000000001000
0x00007f5f696c7e98:   00007f5f6b75b73a 0000000000000000 

Instructions: (pc=0x0000000000000000)
0xffffffffffffffe0:   

Register to memory mapping:

RAX=0x00007f5f6b9897c0: <offset 0x2577c0> in /tmp/libgdxproboscis/d13da6b9/libopenal64.so at 0x00007f5f6b732000
RBX=0x0000000000000400 is an unknown value
RCX=0x0000000000000000 is an unknown value
RDX=0x0000000000000000 is an unknown value
RSP=0x00007f5f696c7ca8 is an unknown value
RBP=0x00007f5fb87806a0 is an unknown value
RSI=0x0000000000000000 is an unknown value
RDI=0x00007f5fb87806a0 is an unknown value
R8 =0x0000000000000000 is an unknown value
R9 =0x0000000000800000 is an unknown value
R10=0x0000000000000000 is an unknown value
R11=0x00007f5fc0767c0d: <offset 0x8cc0d> in /lib/x86_64-linux-gnu/libc.so.6 at 0x00007f5fc06db000
R12=0x00007f5fb8784830 is an unknown value
R13=0x0000000000012000 is an unknown value
R14=0x0000000000001000 is an unknown value
R15=0x00007f5f696c7e58 is an unknown value


Stack: [0x00007f5f695c8000,0x00007f5f696c9000],  sp=0x00007f5f696c7ca8,  free space=1023k

---------------  P R O C E S S  ---------------

VM state:at safepoint (shutting down)

VM Mutex/Monitor currently owned by a thread:  ([mutex/lock_event])
[0x00007f5fb8007d40] Threads_lock - owner thread: 0x00007f5fb80a0800

Heap
 PSYoungGen      total 18944K, used 8168K [0x00000000eb680000, 0x00000000ecf80000, 0x0000000100000000)
  eden space 14336K, 56% used [0x00000000eb680000,0x00000000ebe7a070,0x00000000ec480000)
  from space 4608K, 0% used [0x00000000ec480000,0x00000000ec480000,0x00000000ec900000)
  to   space 4608K, 0% used [0x00000000ecb00000,0x00000000ecb00000,0x00000000ecf80000)
 ParOldGen       total 41984K, used 5073K [0x00000000c2400000, 0x00000000c4d00000, 0x00000000eb680000)
  object space 41984K, 12% used [0x00000000c2400000,0x00000000c28f4458,0x00000000c4d00000)
 PSPermGen       total 55808K, used 27352K [0x00000000b7e00000, 0x00000000bb480000, 0x00000000c2400000)
  object space 55808K, 49% used [0x00000000b7e00000,0x00000000b98b6068,0x00000000bb480000)

Card table byte_map: [0x00007f5fbd7f5000,0x00007f5fbda37000] byte_map_base: 0x00007f5fbd236000

Polling page: 0x00007f5fc0ed0000

Code Cache  [0x00007f5fb5000000, 0x00007f5fb5270000, 0x00007f5fb8000000)
 total_blobs=1059 nmethods=452 adapters=560 free_code_cache=47703Kb largest_free_block=48811968

Compilation events (10 events):
Event: 28.727 Thread 0x00007f5fb80cc800  455             com.glyph.scala.game.action_puzzle.ColorTheme$$anonfun$2$$anonfun$apply$2$$anonfun$apply$3::apply (38 bytes)
Event: 28.727 Thread 0x00007f5fb80cf000  456             com.glyph.scala.game.action_puzzle.ColorTheme$$anonfun$2$$anonfun$apply$2$$anonfun$apply$3$$anonfun$apply$4::<init> (5 bytes)
Event: 28.728 Thread 0x00007f5fb80cf000 nmethod 456 0x00007f5fb516d810 code [0x00007f5fb516d940, 0x00007f5fb516d998]
Event: 28.728 Thread 0x00007f5fb80cf000  457             com.glyph.scala.game.action_puzzle.ColorTheme$$anonfun$2$$anonfun$apply$2$$anonfun$apply$3$$anonfun$apply$5::<init> (5 bytes)
Event: 28.728 Thread 0x00007f5fb80cf000 nmethod 457 0x00007f5fb516d610 code [0x00007f5fb516d740, 0x00007f5fb516d798]
Event: 28.728 Thread 0x00007f5fb80cf000  458             com.glyph.scala.game.action_puzzle.Token$::colorMap (30 bytes)
Event: 28.730 Thread 0x00007f5fb80cf000 nmethod 458 0x00007f5fb516cf90 code [0x00007f5fb516d120, 0x00007f5fb516d348]
Event: 28.731 Thread 0x00007f5fb80cf000  459             com.glyph.scala.game.action_puzzle.ColorTheme$::vColorMap (5 bytes)
Event: 28.731 Thread 0x00007f5fb80cf000 nmethod 459 0x00007f5fb516cd90 code [0x00007f5fb516cec0, 0x00007f5fb516cf18]
Event: 28.732 Thread 0x00007f5fb80cc800 nmethod 455 0x00007f5fb516e7d0 code [0x00007f5fb516e9c0, 0x00007f5fb516ed90]

GC Heap History (10 events):
Event: 15.657 GC heap before
{Heap before GC invocations=5 (full 0):
 PSYoungGen      total 18944K, used 7463K [0x00000000eb680000, 0x00000000ecb80000, 0x0000000100000000)
  eden space 16384K, 29% used [0x00000000eb680000,0x00000000ebb4a490,0x00000000ec680000)
  from space 2560K, 99% used [0x00000000ec900000,0x00000000ecb7f988,0x00000000ecb80000)
  to   space 2560K, 0% used [0x00000000ec680000,0x00000000ec680000,0x00000000ec900000)
 ParOldGen       total 41984K, used 2727K [0x00000000c2400000, 0x00000000c4d00000, 0x00000000eb680000)
  object space 41984K, 6% used [0x00000000c2400000,0x00000000c26a9c50,0x00000000c4d00000)
 PSPermGen       total 24064K, used 23647K [0x00000000b7e00000, 0x00000000b9580000, 0x00000000c2400000)
  object space 24064K, 98% used [0x00000000b7e00000,0x00000000b9517cb8,0x00000000b9580000)
Event: 15.665 GC heap after
Heap after GC invocations=5 (full 0):
 PSYoungGen      total 18944K, used 2557K [0x00000000eb680000, 0x00000000ecb80000, 0x0000000100000000)
  eden space 16384K, 0% used [0x00000000eb680000,0x00000000eb680000,0x00000000ec680000)
  from space 2560K, 99% used [0x00000000ec680000,0x00000000ec8ff5b8,0x00000000ec900000)
  to   space 2560K, 0% used [0x00000000ec900000,0x00000000ec900000,0x00000000ecb80000)
 ParOldGen       total 41984K, used 2955K [0x00000000c2400000, 0x00000000c4d00000, 0x00000000eb680000)
  object space 41984K, 7% used [0x00000000c2400000,0x00000000c26e2dc0,0x00000000c4d00000)
 PSPermGen       total 24064K, used 23647K [0x00000000b7e00000, 0x00000000b9580000, 0x00000000c2400000)
  object space 24064K, 98% used [0x00000000b7e00000,0x00000000b9517cb8,0x00000000b9580000)
}
Event: 15.681 GC heap before
{Heap before GC invocations=6 (full 1):
 PSYoungGen      total 18944K, used 2557K [0x00000000eb680000, 0x00000000ecb80000, 0x0000000100000000)
  eden space 16384K, 0% used [0x00000000eb680000,0x00000000eb680000,0x00000000ec680000)
  from space 2560K, 99% used [0x00000000ec680000,0x00000000ec8ff5b8,0x00000000ec900000)
  to   space 2560K, 0% used [0x00000000ec900000,0x00000000ec900000,0x00000000ecb80000)
 ParOldGen       total 41984K, used 2955K [0x00000000c2400000, 0x00000000c4d00000, 0x00000000eb680000)
  object space 41984K, 7% used [0x00000000c2400000,0x00000000c26e2dc0,0x00000000c4d00000)
 PSPermGen       total 24064K, used 23647K [0x00000000b7e00000, 0x00000000b9580000, 0x00000000c2400000)
  object space 24064K, 98% used [0x00000000b7e00000,0x00000000b9517cb8,0x00000000b9580000)
Event: 15.791 GC heap after
Heap after GC invocations=6 (full 1):
 PSYoungGen      total 18944K, used 0K [0x00000000eb680000, 0x00000000ecb80000, 0x0000000100000000)
  eden space 16384K, 0% used [0x00000000eb680000,0x00000000eb680000,0x00000000ec680000)
  from space 2560K, 0% used [0x00000000ec680000,0x00000000ec680000,0x00000000ec900000)
  to   space 2560K, 0% used [0x00000000ec900000,0x00000000ec900000,0x00000000ecb80000)
 ParOldGen       total 41984K, used 2505K [0x00000000c2400000, 0x00000000c4d00000, 0x00000000eb680000)
  object space 41984K, 5% used [0x00000000c2400000,0x00000000c2672780,0x00000000c4d00000)
 PSPermGen       total 47616K, used 23628K [0x00000000b7e00000, 0x00000000bac80000, 0x00000000c2400000)
  object space 47616K, 49% used [0x00000000b7e00000,0x00000000b95133a8,0x00000000bac80000)
}
Event: 22.124 GC heap before
{Heap before GC invocations=7 (full 1):
 PSYoungGen      total 18944K, used 16384K [0x00000000eb680000, 0x00000000ecb80000, 0x0000000100000000)
  eden space 16384K, 100% used [0x00000000eb680000,0x00000000ec680000,0x00000000ec680000)
  from space 2560K, 0% used [0x00000000ec680000,0x00000000ec680000,0x00000000ec900000)
  to   space 2560K, 0% used [0x00000000ec900000,0x00000000ec900000,0x00000000ecb80000)
 ParOldGen       total 41984K, used 2505K [0x00000000c2400000, 0x00000000c4d00000, 0x00000000eb680000)
  object space 41984K, 5% used [0x00000000c2400000,0x00000000c2672780,0x00000000c4d00000)
 PSPermGen       total 47616K, used 26002K [0x00000000b7e00000, 0x00000000bac80000, 0x00000000c2400000)
  object space 47616K, 54% used [0x00000000b7e00000,0x00000000b9764818,0x00000000bac80000)
Event: 22.129 GC heap after
Heap after GC invocations=7 (full 1):
 PSYoungGen      total 16896K, used 2085K [0x00000000eb680000, 0x00000000ecf80000, 0x0000000100000000)
  eden space 14336K, 0% used [0x00000000eb680000,0x00000000eb680000,0x00000000ec480000)
  from space 2560K, 81% used [0x00000000ec900000,0x00000000ecb09460,0x00000000ecb80000)
  to   space 4608K, 0% used [0x00000000ec480000,0x00000000ec480000,0x00000000ec900000)
 ParOldGen       total 41984K, used 2505K [0x00000000c2400000, 0x00000000c4d00000, 0x00000000eb680000)
  object space 41984K, 5% used [0x00000000c2400000,0x00000000c2672780,0x00000000c4d00000)
 PSPermGen       total 47616K, used 26002K [0x00000000b7e00000, 0x00000000bac80000, 0x00000000c2400000)
  object space 47616K, 54% used [0x00000000b7e00000,0x00000000b9764818,0x00000000bac80000)
}
Event: 22.892 GC heap before
{Heap before GC invocations=8 (full 1):
 PSYoungGen      total 16896K, used 14691K [0x00000000eb680000, 0x00000000ecf80000, 0x0000000100000000)
  eden space 14336K, 87% used [0x00000000eb680000,0x00000000ec2cf968,0x00000000ec480000)
  from space 2560K, 81% used [0x00000000ec900000,0x00000000ecb09460,0x00000000ecb80000)
  to   space 4608K, 0% used [0x00000000ec480000,0x00000000ec480000,0x00000000ec900000)
 ParOldGen       total 41984K, used 2505K [0x00000000c2400000, 0x00000000c4d00000, 0x00000000eb680000)
  object space 41984K, 5% used [0x00000000c2400000,0x00000000c2672780,0x00000000c4d00000)
 PSPermGen       total 47616K, used 26857K [0x00000000b7e00000, 0x00000000bac80000, 0x00000000c2400000)
  object space 47616K, 56% used [0x00000000b7e00000,0x00000000b983a508,0x00000000bac80000)
Event: 22.895 GC heap after
Heap after GC invocations=8 (full 1):
 PSYoungGen      total 18944K, used 3202K [0x00000000eb680000, 0x00000000ecf80000, 0x0000000100000000)
  eden space 14336K, 0% used [0x00000000eb680000,0x00000000eb680000,0x00000000ec480000)
  from space 4608K, 69% used [0x00000000ec480000,0x00000000ec7a0830,0x00000000ec900000)
  to   space 4608K, 0% used [0x00000000ecb00000,0x00000000ecb00000,0x00000000ecf80000)
 ParOldGen       total 41984K, used 2505K [0x00000000c2400000, 0x00000000c4d00000, 0x00000000eb680000)
  object space 41984K, 5% used [0x00000000c2400000,0x00000000c2672780,0x00000000c4d00000)
 PSPermGen       total 47616K, used 26857K [0x00000000b7e00000, 0x00000000bac80000, 0x00000000c2400000)
  object space 47616K, 56% used [0x00000000b7e00000,0x00000000b983a508,0x00000000bac80000)
}
Event: 22.895 GC heap before
{Heap before GC invocations=9 (full 2):
 PSYoungGen      total 18944K, used 3202K [0x00000000eb680000, 0x00000000ecf80000, 0x0000000100000000)
  eden space 14336K, 0% used [0x00000000eb680000,0x00000000eb680000,0x00000000ec480000)
  from space 4608K, 69% used [0x00000000ec480000,0x00000000ec7a0830,0x00000000ec900000)
  to   space 4608K, 0% used [0x00000000ecb00000,0x00000000ecb00000,0x00000000ecf80000)
 ParOldGen       total 41984K, used 2505K [0x00000000c2400000, 0x00000000c4d00000, 0x00000000eb680000)
  object space 41984K, 5% used [0x00000000c2400000,0x00000000c2672780,0x00000000c4d00000)
 PSPermGen       total 47616K, used 26857K [0x00000000b7e00000, 0x00000000bac80000, 0x00000000c2400000)
  object space 47616K, 56% used [0x00000000b7e00000,0x00000000b983a508,0x00000000bac80000)
Event: 22.963 GC heap after
Heap after GC invocations=9 (full 2):
 PSYoungGen      total 18944K, used 0K [0x00000000eb680000, 0x00000000ecf80000, 0x0000000100000000)
  eden space 14336K, 0% used [0x00000000eb680000,0x00000000eb680000,0x00000000ec480000)
  from space 4608K, 0% used [0x00000000ec480000,0x00000000ec480000,0x00000000ec900000)
  to   space 4608K, 0% used [0x00000000ecb00000,0x00000000ecb00000,0x00000000ecf80000)
 ParOldGen       total 41984K, used 5073K [0x00000000c2400000, 0x00000000c4d00000, 0x00000000eb680000)
  object space 41984K, 12% used [0x00000000c2400000,0x00000000c28f4458,0x00000000c4d00000)
 PSPermGen       total 55808K, used 26854K [0x00000000b7e00000, 0x00000000bb480000, 0x00000000c2400000)
  object space 55808K, 48% used [0x00000000b7e00000,0x00000000b9839b28,0x00000000bb480000)
}

Deoptimization events (10 events):
Event: 27.505 Thread 0x00007f5fb8831000 Uncommon trap: reason=class_check action=maybe_recompile pc=0x00007f5fb5139648 method=scala.collection.MapLike$class.apply(Lscala/collection/MapLike;Ljava/lang/Object;)Ljava/lang/Object; @ 2
Event: 27.507 Thread 0x00007f5fb8831000 Uncommon trap: reason=class_check action=maybe_recompile pc=0x00007f5fb5139648 method=scala.collection.MapLike$class.apply(Lscala/collection/MapLike;Ljava/lang/Object;)Ljava/lang/Object; @ 2
Event: 27.508 Thread 0x00007f5fb8831000 Uncommon trap: reason=class_check action=maybe_recompile pc=0x00007f5fb5139648 method=scala.collection.MapLike$class.apply(Lscala/collection/MapLike;Ljava/lang/Object;)Ljava/lang/Object; @ 2
Event: 27.508 Thread 0x00007f5fb8831000 Uncommon trap: reason=class_check action=maybe_recompile pc=0x00007f5fb5139648 method=scala.collection.MapLike$class.apply(Lscala/collection/MapLike;Ljava/lang/Object;)Ljava/lang/Object; @ 2
Event: 27.509 Thread 0x00007f5fb8831000 Uncommon trap: reason=class_check action=maybe_recompile pc=0x00007f5fb512e2f8 method=scala.collection.MapLike$class.apply(Lscala/collection/MapLike;Ljava/lang/Object;)Ljava/lang/Object; @ 2
Event: 27.509 Thread 0x00007f5fb8831000 Uncommon trap: reason=bimorphic action=maybe_recompile pc=0x00007f5fb5146ba0 method=com.glyph.scala.lib.util.updatable.task.ParallelProcessor$class.update(Lcom/glyph/scala/lib/util/updatable/task/ParallelProcessor;F)V @ 157
Event: 27.513 Thread 0x00007f5fb8831000 Uncommon trap: reason=bimorphic action=maybe_recompile pc=0x00007f5fb5146ba0 method=com.glyph.scala.lib.util.updatable.task.ParallelProcessor$class.update(Lcom/glyph/scala/lib/util/updatable/task/ParallelProcessor;F)V @ 157
Event: 27.518 Thread 0x00007f5fb8831000 Uncommon trap: reason=bimorphic action=maybe_recompile pc=0x00007f5fb5146ba0 method=com.glyph.scala.lib.util.updatable.task.ParallelProcessor$class.update(Lcom/glyph/scala/lib/util/updatable/task/ParallelProcessor;F)V @ 157
Event: 27.530 Thread 0x00007f5fb8831000 Uncommon trap: reason=bimorphic action=maybe_recompile pc=0x00007f5fb5146ba0 method=com.glyph.scala.lib.util.updatable.task.ParallelProcessor$class.update(Lcom/glyph/scala/lib/util/updatable/task/ParallelProcessor;F)V @ 157
Event: 28.464 Thread 0x00007f5fb8831000 Uncommon trap: reason=class_check action=maybe_recompile pc=0x00007f5fb5159868 method=com.glyph.scala.lib.util.updatable.task.ParallelProcessor$class.update(Lcom/glyph/scala/lib/util/updatable/task/ParallelProcessor;F)V @ 206

Internal exceptions (10 events):
Event: 6.584 Thread 0x00007f5fb800b800 Threw 0x00000000ec54b000 at /build/buildd/openjdk-7-7u51-2.4.4/build/openjdk/hotspot/src/share/vm/prims/jvm.cpp:1244
Event: 6.584 Thread 0x00007f5fb800b800 Threw 0x00000000ec54d070 at /build/buildd/openjdk-7-7u51-2.4.4/build/openjdk/hotspot/src/share/vm/prims/jvm.cpp:1244
Event: 6.584 Thread 0x00007f5fb800b800 Threw 0x00000000ec54dc98 at /build/buildd/openjdk-7-7u51-2.4.4/build/openjdk/hotspot/src/share/vm/prims/jvm.cpp:1244
Event: 6.584 Thread 0x00007f5fb800b800 Threw 0x00000000ec54e7f0 at /build/buildd/openjdk-7-7u51-2.4.4/build/openjdk/hotspot/src/share/vm/prims/jvm.cpp:1244
Event: 6.584 Thread 0x00007f5fb800b800 Threw 0x00000000ec550718 at /build/buildd/openjdk-7-7u51-2.4.4/build/openjdk/hotspot/src/share/vm/prims/jvm.cpp:1244
Event: 6.584 Thread 0x00007f5fb800b800 Threw 0x00000000ec551340 at /build/buildd/openjdk-7-7u51-2.4.4/build/openjdk/hotspot/src/share/vm/prims/jvm.cpp:1244
Event: 6.584 Thread 0x00007f5fb800b800 Threw 0x00000000ec551e98 at /build/buildd/openjdk-7-7u51-2.4.4/build/openjdk/hotspot/src/share/vm/prims/jvm.cpp:1244
Event: 9.734 Thread 0x00007f5fb8831000 Threw 0x00000000eb895518 at /build/buildd/openjdk-7-7u51-2.4.4/build/openjdk/hotspot/src/share/vm/prims/jvm.cpp:1244
Event: 9.734 Thread 0x00007f5fb8831000 Threw 0x00000000eb8956a0 at /build/buildd/openjdk-7-7u51-2.4.4/build/openjdk/hotspot/src/share/vm/classfile/systemDictionary.cpp:174
Event: 12.783 Thread 0x00007f5fb8831000 Threw 0x00000000ebebab38 at /build/buildd/openjdk-7-7u51-2.4.4/build/openjdk/hotspot/src/share/vm/prims/jvm.cpp:1244

Events (10 events):
Event: 28.851 Executing VM operation: RevokeBias
Event: 28.851 Executing VM operation: RevokeBias done
Event: 28.851 Executing VM operation: RevokeBias
Event: 28.851 Executing VM operation: RevokeBias done
Event: 28.984 Executing VM operation: RevokeBias
Event: 28.985 Executing VM operation: RevokeBias done
Event: 28.985 Thread 0x00007f5f54380000 Thread exited: 0x00007f5f54380000
Event: 29.046 Thread 0x00007f5f54382000 Thread exited: 0x00007f5f54382000
Event: 29.046 Thread 0x00007f5fb80ca000 Thread exited: 0x00007f5fb80ca000
Event: 29.046 Executing VM operation: Exit


Dynamic libraries:
00400000-00401000 r-xp 00000000 08:01 427084                             /usr/lib/jvm/java-7-openjdk-amd64/jre/bin/java
00600000-00601000 r--p 00000000 08:01 427084                             /usr/lib/jvm/java-7-openjdk-amd64/jre/bin/java
00601000-00602000 rw-p 00001000 08:01 427084                             /usr/lib/jvm/java-7-openjdk-amd64/jre/bin/java
018c0000-018e1000 rw-p 00000000 00:00 0                                  [heap]
b7e00000-bb480000 rw-p 00000000 00:00 0 
bb480000-c2400000 rw-p 00000000 00:00 0 
c2400000-c4d00000 rw-p 00000000 00:00 0 
c4d00000-eb680000 rw-p 00000000 00:00 0 
eb680000-ecf80000 rw-p 00000000 00:00 0 
ecf80000-100000000 rw-p 00000000 00:00 0 
7f5f30000000-7f5f30021000 rw-p 00000000 00:00 0 
7f5f30021000-7f5f34000000 ---p 00000000 00:00 0 
7f5f38000000-7f5f38021000 rw-p 00000000 00:00 0 
7f5f38021000-7f5f3c000000 ---p 00000000 00:00 0 
7f5f3c000000-7f5f3c021000 rw-p 00000000 00:00 0 
7f5f3c021000-7f5f40000000 ---p 00000000 00:00 0 
7f5f40000000-7f5f40021000 rw-p 00000000 00:00 0 
7f5f40021000-7f5f44000000 ---p 00000000 00:00 0 
7f5f47bfc000-7f5f47bff000 ---p 00000000 00:00 0 
7f5f47bff000-7f5f47cfd000 rw-p 00000000 00:00 0 
7f5f47cfd000-7f5f47d00000 ---p 00000000 00:00 0 
7f5f47d00000-7f5f47dfe000 rw-p 00000000 00:00 0 
7f5f47dfe000-7f5f47e01000 ---p 00000000 00:00 0 
7f5f47e01000-7f5f47eff000 rw-p 00000000 00:00 0                          [stack:10757]
7f5f47eff000-7f5f47f02000 ---p 00000000 00:00 0 
7f5f47f02000-7f5f48000000 rw-p 00000000 00:00 0                          [stack:10756]
7f5f48000000-7f5f48021000 rw-p 00000000 00:00 0 
7f5f48021000-7f5f4c000000 ---p 00000000 00:00 0 
7f5f4c000000-7f5f4cc21000 rw-p 00000000 00:00 0 
7f5f4cc21000-7f5f50000000 ---p 00000000 00:00 0 
7f5f50000000-7f5f50021000 rw-p 00000000 00:00 0 
7f5f50021000-7f5f54000000 ---p 00000000 00:00 0 
7f5f54000000-7f5f55a00000 rw-p 00000000 00:00 0 
7f5f55a00000-7f5f58000000 ---p 00000000 00:00 0 
7f5f58000000-7f5f58021000 rw-p 00000000 00:00 0 
7f5f58021000-7f5f5c000000 ---p 00000000 00:00 0 
7f5f5c0ef000-7f5f5c8f1000 rw-p 00000000 00:00 0 
7f5f5c8f1000-7f5f5c98e000 r-xp 00000000 08:01 15280                      /tmp/libgdxproboscis/a6513169/libgdx-freetype64.so
7f5f5c98e000-7f5f5cb8d000 ---p 0009d000 08:01 15280                      /tmp/libgdxproboscis/a6513169/libgdx-freetype64.so
7f5f5cb8d000-7f5f5cb93000 r--p 0009c000 08:01 15280                      /tmp/libgdxproboscis/a6513169/libgdx-freetype64.so
7f5f5cb93000-7f5f5cb94000 rw-p 000a2000 08:01 15280                      /tmp/libgdxproboscis/a6513169/libgdx-freetype64.so
7f5f5cb94000-7f5f5cbaa000 r-xp 00000000 08:01 286377                     /usr/lib/jvm/java-7-openjdk-amd64/jre/lib/amd64/libnet.so
7f5f5cbaa000-7f5f5cda9000 ---p 00016000 08:01 286377                     /usr/lib/jvm/java-7-openjdk-amd64/jre/lib/amd64/libnet.so
7f5f5cda9000-7f5f5cdaa000 r--p 00015000 08:01 286377                     /usr/lib/jvm/java-7-openjdk-amd64/jre/lib/amd64/libnet.so
7f5f5cdaa000-7f5f5cdab000 rw-p 00016000 08:01 286377                     /usr/lib/jvm/java-7-openjdk-amd64/jre/lib/amd64/libnet.so
7f5f5cdab000-7f5f5ddab000 rw-s 114b75000 00:05 8545                      /dev/dri/card0
7f5f5ddab000-7f5f5f2ee000 r-xp 00000000 08:01 10629                      /usr/lib/x86_64-linux-gnu/libLLVM-3.3.so.1
7f5f5f2ee000-7f5f5f2ef000 ---p 01543000 08:01 10629                      /usr/lib/x86_64-linux-gnu/libLLVM-3.3.so.1
7f5f5f2ef000-7f5f5f404000 r--p 01543000 08:01 10629                      /usr/lib/x86_64-linux-gnu/libLLVM-3.3.so.1
7f5f5f404000-7f5f5f406000 rw-p 01658000 08:01 10629                      /usr/lib/x86_64-linux-gnu/libLLVM-3.3.so.1
7f5f5f406000-7f5f5f419000 rw-p 00000000 00:00 0 
7f5f5f419000-7f5f5f637000 r-xp 00000000 08:01 11054                      /usr/lib/x86_64-linux-gnu/libgallium.so.0.0.0
7f5f5f637000-7f5f5f836000 ---p 0021e000 08:01 11054                      /usr/lib/x86_64-linux-gnu/libgallium.so.0.0.0
7f5f5f836000-7f5f5f847000 r--p 0021d000 08:01 11054                      /usr/lib/x86_64-linux-gnu/libgallium.so.0.0.0
7f5f5f847000-7f5f5f84a000 rw-p 0022e000 08:01 11054                      /usr/lib/x86_64-linux-gnu/libgallium.so.0.0.0
7f5f5f84a000-7f5f5fa12000 rw-p 00000000 00:00 0 
7f5f5fa12000-7f5f5fdd0000 r-xp 00000000 08:01 10965                      /usr/lib/x86_64-linux-gnu/libdricore9.2.1.so.1.0.0
7f5f5fdd0000-7f5f5ffcf000 ---p 003be000 08:01 10965                      /usr/lib/x86_64-linux-gnu/libdricore9.2.1.so.1.0.0
7f5f5ffcf000-7f5f5ffdf000 r--p 003bd000 08:01 10965                      /usr/lib/x86_64-linux-gnu/libdricore9.2.1.so.1.0.0
7f5f5ffdf000-7f5f5ffe7000 rw-p 003cd000 08:01 10965                      /usr/lib/x86_64-linux-gnu/libdricore9.2.1.so.1.0.0
7f5f5ffe7000-7f5f5ffff000 rw-p 00000000 00:00 0 
7f5f5ffff000-7f5f64000000 rw-s 00000000 00:13 256273                     /run/shm/pulse-shm-410869885
7f5f64000000-7f5f64021000 rw-p 00000000 00:00 0 
7f5f64021000-7f5f68000000 ---p 00000000 00:00 0 
7f5f68084000-7f5f68087000 ---p 00000000 00:00 0 
7f5f68087000-7f5f68185000 rw-p 00000000 00:00 0                          [stack:10754]
7f5f68185000-7f5f68195000 r-xp 00000000 08:01 286398                     /usr/lib/jvm/java-7-openjdk-amd64/jre/lib/amd64/libnio.so
7f5f68195000-7f5f68395000 ---p 00010000 08:01 286398                     /usr/lib/jvm/java-7-openjdk-amd64/jre/lib/amd64/libnio.so
7f5f68395000-7f5f68396000 r--p 00010000 08:01 286398                     /usr/lib/jvm/java-7-openjdk-amd64/jre/lib/amd64/libnio.so
7f5f68396000-7f5f68397000 rw-p 00011000 08:01 286398                     /usr/lib/jvm/java-7-openjdk-amd64/jre/lib/amd64/libnio.so
7f5f68397000-7f5f683c9000 r-xp 00000000 08:01 11606                      /usr/lib/x86_64-linux-gnu/libtxc_dxtn_s2tc.so.0.0.0
7f5f683c9000-7f5f685c8000 ---p 00032000 08:01 11606                      /usr/lib/x86_64-linux-gnu/libtxc_dxtn_s2tc.so.0.0.0
7f5f685c8000-7f5f685c9000 r--p 00031000 08:01 11606                      /usr/lib/x86_64-linux-gnu/libtxc_dxtn_s2tc.so.0.0.0
7f5f685c9000-7f5f685ca000 rw-p 00032000 08:01 11606                      /usr/lib/x86_64-linux-gnu/libtxc_dxtn_s2tc.so.0.0.0
7f5f685ca000-7f5f68615000 r-xp 00000000 08:01 394642                     /usr/lib/x86_64-linux-gnu/dri/vmwgfx_dri.so
7f5f68615000-7f5f68814000 ---p 0004b000 08:01 394642                     /usr/lib/x86_64-linux-gnu/dri/vmwgfx_dri.so
7f5f68814000-7f5f68815000 r--p 0004a000 08:01 394642                     /usr/lib/x86_64-linux-gnu/dri/vmwgfx_dri.so
7f5f68815000-7f5f68817000 rw-p 0004b000 08:01 394642                     /usr/lib/x86_64-linux-gnu/dri/vmwgfx_dri.so
7f5f68817000-7f5f68819000 rw-p 00000000 00:00 0 
7f5f68819000-7f5f68824000 r-xp 00000000 08:01 4271                       /usr/lib/x86_64-linux-gnu/libdrm.so.2.4.0
7f5f68824000-7f5f68a23000 ---p 0000b000 08:01 4271                       /usr/lib/x86_64-linux-gnu/libdrm.so.2.4.0
7f5f68a23000-7f5f68a24000 r--p 0000a000 08:01 4271                       /usr/lib/x86_64-linux-gnu/libdrm.so.2.4.0
7f5f68a24000-7f5f68a25000 rw-p 0000b000 08:01 4271                       /usr/lib/x86_64-linux-gnu/libdrm.so.2.4.0
7f5f68a25000-7f5f68a28000 r-xp 00000000 08:01 11679                      /usr/lib/x86_64-linux-gnu/libxcb-dri2.so.0.0.0
7f5f68a28000-7f5f68c28000 ---p 00003000 08:01 11679                      /usr/lib/x86_64-linux-gnu/libxcb-dri2.so.0.0.0
7f5f68c28000-7f5f68c29000 r--p 00003000 08:01 11679                      /usr/lib/x86_64-linux-gnu/libxcb-dri2.so.0.0.0
7f5f68c29000-7f5f68c2a000 rw-p 00004000 08:01 11679                      /usr/lib/x86_64-linux-gnu/libxcb-dri2.so.0.0.0
7f5f68c2a000-7f5f68c3f000 r-xp 00000000 08:01 11681                      /usr/lib/x86_64-linux-gnu/libxcb-glx.so.0.0.0
7f5f68c3f000-7f5f68e3e000 ---p 00015000 08:01 11681                      /usr/lib/x86_64-linux-gnu/libxcb-glx.so.0.0.0
7f5f68e3e000-7f5f68e40000 r--p 00014000 08:01 11681                      /usr/lib/x86_64-linux-gnu/libxcb-glx.so.0.0.0
7f5f68e40000-7f5f68e41000 rw-p 00016000 08:01 11681                      /usr/lib/x86_64-linux-gnu/libxcb-glx.so.0.0.0
7f5f68e41000-7f5f68e42000 r-xp 00000000 08:01 10747                      /usr/lib/x86_64-linux-gnu/libX11-xcb.so.1.0.0
7f5f68e42000-7f5f69041000 ---p 00001000 08:01 10747                      /usr/lib/x86_64-linux-gnu/libX11-xcb.so.1.0.0
7f5f69041000-7f5f69042000 r--p 00000000 08:01 10747                      /usr/lib/x86_64-linux-gnu/libX11-xcb.so.1.0.0
7f5f69042000-7f5f69043000 rw-p 00001000 08:01 10747                      /usr/lib/x86_64-linux-gnu/libX11-xcb.so.1.0.0
7f5f69043000-7f5f69064000 r-xp 00000000 08:01 11108                      /usr/lib/x86_64-linux-gnu/libglapi.so.0.0.0
7f5f69064000-7f5f69264000 ---p 00021000 08:01 11108                      /usr/lib/x86_64-linux-gnu/libglapi.so.0.0.0
7f5f69264000-7f5f69267000 r--p 00021000 08:01 11108                      /usr/lib/x86_64-linux-gnu/libglapi.so.0.0.0
7f5f69267000-7f5f69268000 rw-p 00024000 08:01 11108                      /usr/lib/x86_64-linux-gnu/libglapi.so.0.0.0
7f5f69268000-7f5f69269000 rw-p 00000000 00:00 0 
7f5f69269000-7f5f692c3000 r-xp 00000000 08:01 395736                     /usr/lib/x86_64-linux-gnu/mesa/libGL.so.1.2.0
7f5f692c3000-7f5f694c3000 ---p 0005a000 08:01 395736                     /usr/lib/x86_64-linux-gnu/mesa/libGL.so.1.2.0
7f5f694c3000-7f5f694c5000 r--p 0005a000 08:01 395736                     /usr/lib/x86_64-linux-gnu/mesa/libGL.so.1.2.0
7f5f694c5000-7f5f694c6000 rw-p 0005c000 08:01 395736                     /usr/lib/x86_64-linux-gnu/mesa/libGL.so.1.2.0
7f5f694c6000-7f5f694c7000 rw-p 00000000 00:00 0 
7f5f694c7000-7f5f694ca000 ---p 00000000 00:00 0 
7f5f694ca000-7f5f695c8000 rw-p 00000000 00:00 0                          [stack:10748]
7f5f695c8000-7f5f695c9000 ---p 00000000 00:00 0 
7f5f695c9000-7f5f696c9000 rw-p 00000000 00:00 0                          [stack:10747]
7f5f696c9000-7f5f696ca000 ---p 00000000 00:00 0 
7f5f696ca000-7f5f69eca000 rw-p 00000000 00:00 0                          [stack:10744]
7f5f69eca000-7f5f69ed1000 r-xp 00000000 08:01 11416                      /usr/lib/x86_64-linux-gnu/libogg.so.0.8.1
7f5f69ed1000-7f5f6a0d1000 ---p 00007000 08:01 11416                      /usr/lib/x86_64-linux-gnu/libogg.so.0.8.1
7f5f6a0d1000-7f5f6a0d2000 r--p 00007000 08:01 11416                      /usr/lib/x86_64-linux-gnu/libogg.so.0.8.1
7f5f6a0d2000-7f5f6a0d3000 rw-p 00008000 08:01 11416                      /usr/lib/x86_64-linux-gnu/libogg.so.0.8.1
7f5f6a0d3000-7f5f6a0fe000 r-xp 00000000 08:01 11647                      /usr/lib/x86_64-linux-gnu/libvorbis.so.0.4.5
7f5f6a0fe000-7f5f6a2fe000 ---p 0002b000 08:01 11647                      /usr/lib/x86_64-linux-gnu/libvorbis.so.0.4.5
7f5f6a2fe000-7f5f6a2ff000 r--p 0002b000 08:01 11647                      /usr/lib/x86_64-linux-gnu/libvorbis.so.0.4.5
7f5f6a2ff000-7f5f6a300000 rw-p 0002c000 08:01 11647                      /usr/lib/x86_64-linux-gnu/libvorbis.so.0.4.5
7f5f6a300000-7f5f6a5b3000 r-xp 00000000 08:01 11649                      /usr/lib/x86_64-linux-gnu/libvorbisenc.so.2.0.8
7f5f6a5b3000-7f5f6a7b2000 ---p 002b3000 08:01 11649                      /usr/lib/x86_64-linux-gnu/libvorbisenc.so.2.0.8
7f5f6a7b2000-7f5f6a7ce000 r--p 002b2000 08:01 11649                      /usr/lib/x86_64-linux-gnu/libvorbisenc.so.2.0.8
7f5f6a7ce000-7f5f6a7cf000 rw-p 002ce000 08:01 11649                      /usr/lib/x86_64-linux-gnu/libvorbisenc.so.2.0.8
7f5f6a7cf000-7f5f6a7fe000 r-xp 00000000 08:01 10614                      /usr/lib/x86_64-linux-gnu/libFLAC.so.8.3.0
7f5f6a7fe000-7f5f6a9fe000 ---p 0002f000 08:01 10614                      /usr/lib/x86_64-linux-gnu/libFLAC.so.8.3.0
7f5f6a9fe000-7f5f6a9ff000 r--p 0002f000 08:01 10614                      /usr/lib/x86_64-linux-gnu/libFLAC.so.8.3.0
7f5f6a9ff000-7f5f6aa00000 rw-p 00030000 08:01 10614                      /usr/lib/x86_64-linux-gnu/libFLAC.so.8.3.0
7f5f6aa00000-7f5f6aa05000 r-xp 00000000 08:01 10831                      /usr/lib/x86_64-linux-gnu/libasyncns.so.0.3.1
7f5f6aa05000-7f5f6ac04000 ---p 00005000 08:01 10831                      /usr/lib/x86_64-linux-gnu/libasyncns.so.0.3.1
7f5f6ac04000-7f5f6ac05000 r--p 00004000 08:01 10831                      /usr/lib/x86_64-linux-gnu/libasyncns.so.0.3.1
7f5f6ac05000-7f5f6ac06000 rw-p 00005000 08:01 10831                      /usr/lib/x86_64-linux-gnu/libasyncns.so.0.3.1
7f5f6ac06000-7f5f6ac67000 r-xp 00000000 08:01 11542                      /usr/lib/x86_64-linux-gnu/libsndfile.so.1.0.25
7f5f6ac67000-7f5f6ae67000 ---p 00061000 08:01 11542                      /usr/lib/x86_64-linux-gnu/libsndfile.so.1.0.25
7f5f6ae67000-7f5f6ae69000 r--p 00061000 08:01 11542                      /usr/lib/x86_64-linux-gnu/libsndfile.so.1.0.25
7f5f6ae69000-7f5f6ae6a000 rw-p 00063000 08:01 11542                      /usr/lib/x86_64-linux-gnu/libsndfile.so.1.0.25
7f5f6ae6a000-7f5f6ae6e000 rw-p 00000000 00:00 0 
7f5f6ae6e000-7f5f6ae76000 r-xp 00000000 08:01 135793                     /lib/x86_64-linux-gnu/libwrap.so.0.7.6
7f5f6ae76000-7f5f6b076000 ---p 00008000 08:01 135793                     /lib/x86_64-linux-gnu/libwrap.so.0.7.6
7f5f6b076000-7f5f6b077000 r--p 00008000 08:01 135793                     /lib/x86_64-linux-gnu/libwrap.so.0.7.6
7f5f6b077000-7f5f6b078000 rw-p 00009000 08:01 135793                     /lib/x86_64-linux-gnu/libwrap.so.0.7.6
7f5f6b078000-7f5f6b0de000 r-xp 00000000 08:01 395793                     /usr/lib/x86_64-linux-gnu/pulseaudio/libpulsecommon-4.0.so
7f5f6b0de000-7f5f6b2dd000 ---p 00066000 08:01 395793                     /usr/lib/x86_64-linux-gnu/pulseaudio/libpulsecommon-4.0.so
7f5f6b2dd000-7f5f6b2de000 r--p 00065000 08:01 395793                     /usr/lib/x86_64-linux-gnu/pulseaudio/libpulsecommon-4.0.so
7f5f6b2de000-7f5f6b2df000 rw-p 00066000 08:01 395793                     /usr/lib/x86_64-linux-gnu/pulseaudio/libpulsecommon-4.0.so
7f5f6b2df000-7f5f6b2e8000 r-xp 00000000 08:01 135678                     /lib/x86_64-linux-gnu/libjson-c.so.2.0.1
7f5f6b2e8000-7f5f6b4e7000 ---p 00009000 08:01 135678                     /lib/x86_64-linux-gnu/libjson-c.so.2.0.1
7f5f6b4e7000-7f5f6b4e8000 r--p 00008000 08:01 135678                     /lib/x86_64-linux-gnu/libjson-c.so.2.0.1
7f5f6b4e8000-7f5f6b4e9000 rw-p 00009000 08:01 135678                     /lib/x86_64-linux-gnu/libjson-c.so.2.0.1
7f5f6b4e9000-7f5f6b530000 r-xp 00000000 08:01 11479                      /usr/lib/x86_64-linux-gnu/libpulse.so.0.16.2
7f5f6b530000-7f5f6b730000 ---p 00047000 08:01 11479                      /usr/lib/x86_64-linux-gnu/libpulse.so.0.16.2
7f5f6b730000-7f5f6b731000 r--p 00047000 08:01 11479                      /usr/lib/x86_64-linux-gnu/libpulse.so.0.16.2
7f5f6b731000-7f5f6b732000 rw-p 00048000 08:01 11479                      /usr/lib/x86_64-linux-gnu/libpulse.so.0.16.2
7f5f6b732000-7f5f6b787000 r-xp 00000000 08:01 15278                      /tmp/libgdxproboscis/d13da6b9/libopenal64.so
7f5f6b787000-7f5f6b986000 ---p 00055000 08:01 15278                      /tmp/libgdxproboscis/d13da6b9/libopenal64.so
7f5f6b986000-7f5f6b989000 r--p 00054000 08:01 15278                      /tmp/libgdxproboscis/d13da6b9/libopenal64.so
7f5f6b989000-7f5f6b98a000 rw-p 00057000 08:01 15278                      /tmp/libgdxproboscis/d13da6b9/libopenal64.so
7f5f6b98a000-7f5f6b98b000 rw-p 00000000 00:00 0 
7f5f6b98b000-7f5f6b98f000 r-xp 00000000 08:01 10798                      /usr/lib/x86_64-linux-gnu/libXxf86vm.so.1.0.0
7f5f6b98f000-7f5f6bb8f000 ---p 00004000 08:01 10798                      /usr/lib/x86_64-linux-gnu/libXxf86vm.so.1.0.0
7f5f6bb8f000-7f5f6bb90000 r--p 00004000 08:01 10798                      /usr/lib/x86_64-linux-gnu/libXxf86vm.so.1.0.0
7f5f6bb90000-7f5f6bb91000 rw-p 00005000 08:01 10798                      /usr/lib/x86_64-linux-gnu/libXxf86vm.so.1.0.0
7f5f6bb91000-7f5f6bbfb000 r-xp 00000000 08:01 15277                      /tmp/libgdxproboscis/d13da6b9/liblwjgl64.so
7f5f6bbfb000-7f5f6bdfb000 ---p 0006a000 08:01 15277                      /tmp/libgdxproboscis/d13da6b9/liblwjgl64.so
7f5f6bdfb000-7f5f6bdfd000 r--p 0006a000 08:01 15277                      /tmp/libgdxproboscis/d13da6b9/liblwjgl64.so
7f5f6bdfd000-7f5f6bdfe000 rw-p 0006c000 08:01 15277                      /tmp/libgdxproboscis/d13da6b9/liblwjgl64.so
7f5f6bdfe000-7f5f6bdff000 r-xp 00000000 08:01 286388                     /usr/lib/jvm/java-7-openjdk-amd64/jre/lib/amd64/libjawt.so
7f5f6bdff000-7f5f6bffe000 ---p 00001000 08:01 286388                     /usr/lib/jvm/java-7-openjdk-amd64/jre/lib/amd64/libjawt.so
7f5f6bffe000-7f5f6bfff000 r--p 00000000 08:01 286388                     /usr/lib/jvm/java-7-openjdk-amd64/jre/lib/amd64/libjawt.so
7f5f6bfff000-7f5f6c000000 rw-p 00001000 08:01 286388                     /usr/lib/jvm/java-7-openjdk-amd64/jre/lib/amd64/libjawt.so
7f5f6c000000-7f5f6c021000 rw-p 00000000 00:00 0 
7f5f6c021000-7f5f70000000 ---p 00000000 00:00 0 
7f5f70059000-7f5f7005d000 r-xp 00000000 08:01 135669                     /lib/x86_64-linux-gnu/libgpg-error.so.0.10.0
7f5f7005d000-7f5f7025c000 ---p 00004000 08:01 135669                     /lib/x86_64-linux-gnu/libgpg-error.so.0.10.0
7f5f7025c000-7f5f7025d000 r--p 00003000 08:01 135669                     /lib/x86_64-linux-gnu/libgpg-error.so.0.10.0
7f5f7025d000-7f5f7025e000 rw-p 00004000 08:01 135669                     /lib/x86_64-linux-gnu/libgpg-error.so.0.10.0
7f5f7025e000-7f5f70260000 r-xp 00000000 08:01 135681                     /lib/x86_64-linux-gnu/libkeyutils.so.1.4
7f5f70260000-7f5f70460000 ---p 00002000 08:01 135681                     /lib/x86_64-linux-gnu/libkeyutils.so.1.4
7f5f70460000-7f5f70461000 r--p 00002000 08:01 135681                     /lib/x86_64-linux-gnu/libkeyutils.so.1.4
7f5f70461000-7f5f70462000 rw-p 00003000 08:01 135681                     /lib/x86_64-linux-gnu/libkeyutils.so.1.4
7f5f70462000-7f5f7047a000 r-xp 00000000 08:01 11150                      /usr/lib/x86_64-linux-gnu/libgraphite2.so.3.0.1
7f5f7047a000-7f5f70679000 ---p 00018000 08:01 11150                      /usr/lib/x86_64-linux-gnu/libgraphite2.so.3.0.1
7f5f70679000-7f5f7067b000 r--p 00017000 08:01 11150                      /usr/lib/x86_64-linux-gnu/libgraphite2.so.3.0.1
7f5f7067b000-7f5f7067c000 rw-p 00019000 08:01 11150                      /usr/lib/x86_64-linux-gnu/libgraphite2.so.3.0.1
7f5f7067c000-7f5f706c0000 r-xp 00000000 08:01 135650                     /lib/x86_64-linux-gnu/libdbus-1.so.3.7.4
7f5f706c0000-7f5f708bf000 ---p 00044000 08:01 135650                     /lib/x86_64-linux-gnu/libdbus-1.so.3.7.4
7f5f708bf000-7f5f708c0000 r--p 00043000 08:01 135650                     /lib/x86_64-linux-gnu/libdbus-1.so.3.7.4
7f5f708c0000-7f5f708c1000 rw-p 00044000 08:01 135650                     /lib/x86_64-linux-gnu/libdbus-1.so.3.7.4
7f5f708c1000-7f5f708df000 r-xp 00000000 08:01 11424                      /usr/lib/x86_64-linux-gnu/libp11-kit.so.0.0.0
7f5f708df000-7f5f70ade000 ---p 0001e000 08:01 11424                      /usr/lib/x86_64-linux-gnu/libp11-kit.so.0.0.0
7f5f70ade000-7f5f70ae0000 r--p 0001d000 08:01 11424                      /usr/lib/x86_64-linux-gnu/libp11-kit.so.0.0.0
7f5f70ae0000-7f5f70ae1000 rw-p 0001f000 08:01 11424                      /usr/lib/x86_64-linux-gnu/libp11-kit.so.0.0.0
7f5f70ae1000-7f5f70af1000 r-xp 00000000 08:01 11578                      /usr/lib/x86_64-linux-gnu/libtasn1.so.3.2.0
7f5f70af1000-7f5f70cf0000 ---p 00010000 08:01 11578                      /usr/lib/x86_64-linux-gnu/libtasn1.so.3.2.0
7f5f70cf0000-7f5f70cf1000 r--p 0000f000 08:01 11578                      /usr/lib/x86_64-linux-gnu/libtasn1.so.3.2.0
7f5f70cf1000-7f5f70cf2000 rw-p 00010000 08:01 11578                      /usr/lib/x86_64-linux-gnu/libtasn1.so.3.2.0
7f5f70cf2000-7f5f70d6c000 r-xp 00000000 08:01 135665                     /lib/x86_64-linux-gnu/libgcrypt.so.11.7.0
7f5f70d6c000-7f5f70f6c000 ---p 0007a000 08:01 135665                     /lib/x86_64-linux-gnu/libgcrypt.so.11.7.0
7f5f70f6c000-7f5f70f6d000 r--p 0007a000 08:01 135665                     /lib/x86_64-linux-gnu/libgcrypt.so.11.7.0
7f5f70f6d000-7f5f70f70000 rw-p 0007b000 08:01 135665                     /lib/x86_64-linux-gnu/libgcrypt.so.11.7.0
7f5f70f70000-7f5f70f77000 r-xp 00000000 08:01 11323                      /usr/lib/x86_64-linux-gnu/libkrb5support.so.0.1
7f5f70f77000-7f5f71176000 ---p 00007000 08:01 11323                      /usr/lib/x86_64-linux-gnu/libkrb5support.so.0.1
7f5f71176000-7f5f71177000 r--p 00006000 08:01 11323                      /usr/lib/x86_64-linux-gnu/libkrb5support.so.0.1
7f5f71177000-7f5f71178000 rw-p 00007000 08:01 11323                      /usr/lib/x86_64-linux-gnu/libkrb5support.so.0.1
7f5f71178000-7f5f7117b000 r-xp 00000000 08:01 135645                     /lib/x86_64-linux-gnu/libcom_err.so.2.1
7f5f7117b000-7f5f7137a000 ---p 00003000 08:01 135645                     /lib/x86_64-linux-gnu/libcom_err.so.2.1
7f5f7137a000-7f5f7137b000 r--p 00002000 08:01 135645                     /lib/x86_64-linux-gnu/libcom_err.so.2.1
7f5f7137b000-7f5f7137c000 rw-p 00003000 08:01 135645                     /lib/x86_64-linux-gnu/libcom_err.so.2.1
7f5f7137c000-7f5f713a2000 r-xp 00000000 08:01 11317                      /usr/lib/x86_64-linux-gnu/libk5crypto.so.3.1
7f5f713a2000-7f5f715a1000 ---p 00026000 08:01 11317                      /usr/lib/x86_64-linux-gnu/libk5crypto.so.3.1
7f5f715a1000-7f5f715a2000 r--p 00025000 08:01 11317                      /usr/lib/x86_64-linux-gnu/libk5crypto.so.3.1
7f5f715a2000-7f5f715a3000 rw-p 00026000 08:01 11317                      /usr/lib/x86_64-linux-gnu/libk5crypto.so.3.1
7f5f715a3000-7f5f715a4000 rw-p 00000000 00:00 0 
7f5f715a4000-7f5f71669000 r-xp 00000000 08:01 11321                      /usr/lib/x86_64-linux-gnu/libkrb5.so.3.3
7f5f71669000-7f5f71868000 ---p 000c5000 08:01 11321                      /usr/lib/x86_64-linux-gnu/libkrb5.so.3.3
7f5f71868000-7f5f71872000 r--p 000c4000 08:01 11321                      /usr/lib/x86_64-linux-gnu/libkrb5.so.3.3
7f5f71872000-7f5f71873000 rw-p 000ce000 08:01 11321                      /usr/lib/x86_64-linux-gnu/libkrb5.so.3.3
7f5f71873000-7f5f71879000 r-xp 00000000 08:01 10942                      /usr/lib/x86_64-linux-gnu/libdatrie.so.1.2.0
7f5f71879000-7f5f71a78000 ---p 00006000 08:01 10942                      /usr/lib/x86_64-linux-gnu/libdatrie.so.1.2.0
7f5f71a78000-7f5f71a79000 r--p 00005000 08:01 10942                      /usr/lib/x86_64-linux-gnu/libdatrie.so.1.2.0
7f5f71a79000-7f5f71a7a000 rw-p 00006000 08:01 10942                      /usr/lib/x86_64-linux-gnu/libdatrie.so.1.2.0
7f5f71a7a000-7f5f71aca000 r-xp 00000000 08:01 11258                      /usr/lib/x86_64-linux-gnu/libharfbuzz.so.0.919.0
7f5f71aca000-7f5f71cca000 ---p 00050000 08:01 11258                      /usr/lib/x86_64-linux-gnu/libharfbuzz.so.0.919.0
7f5f71cca000-7f5f71ccb000 r--p 00050000 08:01 11258                      /usr/lib/x86_64-linux-gnu/libharfbuzz.so.0.919.0
7f5f71ccb000-7f5f71ccc000 rw-p 00051000 08:01 11258                      /usr/lib/x86_64-linux-gnu/libharfbuzz.so.0.919.0
7f5f71ccc000-7f5f71cd4000 r-xp 00000000 08:01 11693                      /usr/lib/x86_64-linux-gnu/libxcb-render.so.0.0.0
7f5f71cd4000-7f5f71ed3000 ---p 00008000 08:01 11693                      /usr/lib/x86_64-linux-gnu/libxcb-render.so.0.0.0
7f5f71ed3000-7f5f71ed4000 r--p 00007000 08:01 11693                      /usr/lib/x86_64-linux-gnu/libxcb-render.so.0.0.0
7f5f71ed4000-7f5f71ed5000 rw-p 00008000 08:01 11693                      /usr/lib/x86_64-linux-gnu/libxcb-render.so.0.0.0
7f5f71ed5000-7f5f71ed7000 r-xp 00000000 08:01 11697                      /usr/lib/x86_64-linux-gnu/libxcb-shm.so.0.0.0
7f5f71ed7000-7f5f720d6000 ---p 00002000 08:01 11697                      /usr/lib/x86_64-linux-gnu/libxcb-shm.so.0.0.0
7f5f720d6000-7f5f720d7000 r--p 00001000 08:01 11697                      /usr/lib/x86_64-linux-gnu/libxcb-shm.so.0.0.0
7f5f720d7000-7f5f720d8000 rw-p 00002000 08:01 11697                      /usr/lib/x86_64-linux-gnu/libxcb-shm.so.0.0.0
7f5f720d8000-7f5f720fd000 r-xp 00000000 08:01 135748                     /lib/x86_64-linux-gnu/libpng12.so.0.49.0
7f5f720fd000-7f5f722fc000 ---p 00025000 08:01 135748                     /lib/x86_64-linux-gnu/libpng12.so.0.49.0
7f5f722fc000-7f5f722fd000 r--p 00024000 08:01 135748                     /lib/x86_64-linux-gnu/libpng12.so.0.49.0
7f5f722fd000-7f5f722fe000 rw-p 00025000 08:01 135748                     /lib/x86_64-linux-gnu/libpng12.so.0.49.0
7f5f722fe000-7f5f7239f000 r-xp 00000000 08:01 5674                       /usr/lib/x86_64-linux-gnu/libpixman-1.so.0.30.2
7f5f7239f000-7f5f7259f000 ---p 000a1000 08:01 5674                       /usr/lib/x86_64-linux-gnu/libpixman-1.so.0.30.2
7f5f7259f000-7f5f725a6000 r--p 000a1000 08:01 5674                       /usr/lib/x86_64-linux-gnu/libpixman-1.so.0.30.2
7f5f725a6000-7f5f725a7000 rw-p 000a8000 08:01 5674                       /usr/lib/x86_64-linux-gnu/libpixman-1.so.0.30.2
7f5f725a7000-7f5f725ac000 r-xp 00000000 08:01 10764                      /usr/lib/x86_64-linux-gnu/libXdmcp.so.6.0.0
7f5f725ac000-7f5f727ab000 ---p 00005000 08:01 10764                      /usr/lib/x86_64-linux-gnu/libXdmcp.so.6.0.0
7f5f727ab000-7f5f727ac000 r--p 00004000 08:01 10764                      /usr/lib/x86_64-linux-gnu/libXdmcp.so.6.0.0
7f5f727ac000-7f5f727ad000 rw-p 00005000 08:01 10764                      /usr/lib/x86_64-linux-gnu/libXdmcp.so.6.0.0
7f5f727ad000-7f5f727af000 r-xp 00000000 08:01 10753                      /usr/lib/x86_64-linux-gnu/libXau.so.6.0.0
7f5f727af000-7f5f729af000 ---p 00002000 08:01 10753                      /usr/lib/x86_64-linux-gnu/libXau.so.6.0.0
7f5f729af000-7f5f729b0000 r--p 00002000 08:01 10753                      /usr/lib/x86_64-linux-gnu/libXau.so.6.0.0
7f5f729b0000-7f5f729b1000 rw-p 00003000 08:01 10753                      /usr/lib/x86_64-linux-gnu/libXau.so.6.0.0
7f5f729b1000-7f5f729c0000 r-xp 00000000 08:01 4280                       /usr/lib/x86_64-linux-gnu/libavahi-client.so.3.2.9
7f5f729c0000-7f5f72bc0000 ---p 0000f000 08:01 4280                       /usr/lib/x86_64-linux-gnu/libavahi-client.so.3.2.9
7f5f72bc0000-7f5f72bc1000 r--p 0000f000 08:01 4280                       /usr/lib/x86_64-linux-gnu/libavahi-client.so.3.2.9
7f5f72bc1000-7f5f72bc2000 rw-p 00010000 08:01 4280                       /usr/lib/x86_64-linux-gnu/libavahi-client.so.3.2.9
7f5f72bc2000-7f5f72bcd000 r-xp 00000000 08:01 436                        /usr/lib/x86_64-linux-gnu/libavahi-common.so.3.5.3
7f5f72bcd000-7f5f72dcc000 ---p 0000b000 08:01 436                        /usr/lib/x86_64-linux-gnu/libavahi-common.so.3.5.3
7f5f72dcc000-7f5f72dcd000 r--p 0000a000 08:01 436                        /usr/lib/x86_64-linux-gnu/libavahi-common.so.3.5.3
7f5f72dcd000-7f5f72dce000 rw-p 0000b000 08:01 436                        /usr/lib/x86_64-linux-gnu/libavahi-common.so.3.5.3
7f5f72dce000-7f5f72e84000 r-xp 00000000 08:01 11126                      /usr/lib/x86_64-linux-gnu/libgnutls.so.26.22.6
7f5f72e84000-7f5f73084000 ---p 000b6000 08:01 11126                      /usr/lib/x86_64-linux-gnu/libgnutls.so.26.22.6
7f5f73084000-7f5f7308a000 r--p 000b6000 08:01 11126                      /usr/lib/x86_64-linux-gnu/libgnutls.so.26.22.6
7f5f7308a000-7f5f7308b000 rw-p 000bc000 08:01 11126                      /usr/lib/x86_64-linux-gnu/libgnutls.so.26.22.6
7f5f7308b000-7f5f7308c000 rw-p 00000000 00:00 0 
7f5f7308c000-7f5f730c7000 r-xp 00000000 08:01 11156                      /usr/lib/x86_64-linux-gnu/libgssapi_krb5.so.2.2
7f5f730c7000-7f5f732c7000 ---p 0003b000 08:01 11156                      /usr/lib/x86_64-linux-gnu/libgssapi_krb5.so.2.2
7f5f732c7000-7f5f732c8000 r--p 0003b000 08:01 11156                      /usr/lib/x86_64-linux-gnu/libgssapi_krb5.so.2.2
7f5f732c8000-7f5f732ca000 rw-p 0003c000 08:01 11156                      /usr/lib/x86_64-linux-gnu/libgssapi_krb5.so.2.2
7f5f732ca000-7f5f73307000 r-xp 00000000 08:01 135736                     /lib/x86_64-linux-gnu/libpcre.so.3.13.1
7f5f73307000-7f5f73507000 ---p 0003d000 08:01 135736                     /lib/x86_64-linux-gnu/libpcre.so.3.13.1
7f5f73507000-7f5f73508000 r--p 0003d000 08:01 135736                     /lib/x86_64-linux-gnu/libpcre.so.3.13.1
7f5f73508000-7f5f73509000 rw-p 0003e000 08:01 135736                     /lib/x86_64-linux-gnu/libpcre.so.3.13.1
7f5f73509000-7f5f73510000 r-xp 00000000 08:01 11001                      /usr/lib/x86_64-linux-gnu/libffi.so.6.0.1
7f5f73510000-7f5f7370f000 ---p 00007000 08:01 11001                      /usr/lib/x86_64-linux-gnu/libffi.so.6.0.1
7f5f7370f000-7f5f73710000 r--p 00006000 08:01 11001                      /usr/lib/x86_64-linux-gnu/libffi.so.6.0.1
7f5f73710000-7f5f73711000 rw-p 00007000 08:01 11001                      /usr/lib/x86_64-linux-gnu/libffi.so.6.0.1
7f5f73711000-7f5f73738000 r-xp 00000000 08:01 135658                     /lib/x86_64-linux-gnu/libexpat.so.1.6.0
7f5f73738000-7f5f73938000 ---p 00027000 08:01 135658                     /lib/x86_64-linux-gnu/libexpat.so.1.6.0
7f5f73938000-7f5f7393a000 r--p 00027000 08:01 135658                     /lib/x86_64-linux-gnu/libexpat.so.1.6.0
7f5f7393a000-7f5f7393b000 rw-p 00029000 08:01 135658                     /lib/x86_64-linux-gnu/libexpat.so.1.6.0
7f5f7393b000-7f5f739d7000 r-xp 00000000 08:01 11043                      /usr/lib/x86_64-linux-gnu/libfreetype.so.6.10.1
7f5f739d7000-7f5f73bd7000 ---p 0009c000 08:01 11043                      /usr/lib/x86_64-linux-gnu/libfreetype.so.6.10.1
7f5f73bd7000-7f5f73bdc000 r--p 0009c000 08:01 11043                      /usr/lib/x86_64-linux-gnu/libfreetype.so.6.10.1
7f5f73bdc000-7f5f73bdd000 rw-p 000a1000 08:01 11043                      /usr/lib/x86_64-linux-gnu/libfreetype.so.6.10.1
7f5f73bdd000-7f5f73be5000 r-xp 00000000 08:01 11590                      /usr/lib/x86_64-linux-gnu/libthai.so.0.2.0
7f5f73be5000-7f5f73de4000 ---p 00008000 08:01 11590                      /usr/lib/x86_64-linux-gnu/libthai.so.0.2.0
7f5f73de4000-7f5f73de5000 r--p 00007000 08:01 11590                      /usr/lib/x86_64-linux-gnu/libthai.so.0.2.0
7f5f73de5000-7f5f73de6000 rw-p 00008000 08:01 11590                      /usr/lib/x86_64-linux-gnu/libthai.so.0.2.0
7f5f73de6000-7f5f73dfc000 r-xp 00000000 08:01 135759                     /lib/x86_64-linux-gnu/libresolv-2.17.so
7f5f73dfc000-7f5f73ffc000 ---p 00016000 08:01 135759                     /lib/x86_64-linux-gnu/libresolv-2.17.so
7f5f73ffc000-7f5f73ffd000 r--p 00016000 08:01 135759                     /lib/x86_64-linux-gnu/libresolv-2.17.so
7f5f73ffd000-7f5f73ffe000 rw-p 00017000 08:01 135759                     /lib/x86_64-linux-gnu/libresolv-2.17.so
7f5f73ffe000-7f5f74000000 rw-p 00000000 00:00 0 
7f5f74000000-7f5f74021000 rw-p 00000000 00:00 0 
7f5f74021000-7f5f78000000 ---p 00000000 00:00 0 
7f5f7806b000-7f5f7806e000 ---p 00000000 00:00 0 
7f5f7806e000-7f5f7816c000 rw-p 00000000 00:00 0                          [stack:10742]
7f5f7816c000-7f5f7818b000 r-xp 00000000 08:01 135763                     /lib/x86_64-linux-gnu/libselinux.so.1
7f5f7818b000-7f5f7838b000 ---p 0001f000 08:01 135763                     /lib/x86_64-linux-gnu/libselinux.so.1
7f5f7838b000-7f5f7838c000 r--p 0001f000 08:01 135763                     /lib/x86_64-linux-gnu/libselinux.so.1
7f5f7838c000-7f5f7838d000 rw-p 00020000 08:01 135763                     /lib/x86_64-linux-gnu/libselinux.so.1
7f5f7838d000-7f5f7838e000 rw-p 00000000 00:00 0 
7f5f7838e000-7f5f78390000 r-xp 00000000 08:01 10762                      /usr/lib/x86_64-linux-gnu/libXdamage.so.1.1.0
7f5f78390000-7f5f7858f000 ---p 00002000 08:01 10762                      /usr/lib/x86_64-linux-gnu/libXdamage.so.1.1.0
7f5f7858f000-7f5f78590000 r--p 00001000 08:01 10762                      /usr/lib/x86_64-linux-gnu/libXdamage.so.1.1.0
7f5f78590000-7f5f78591000 rw-p 00002000 08:01 10762                      /usr/lib/x86_64-linux-gnu/libXdamage.so.1.1.0
7f5f78591000-7f5f78593000 r-xp 00000000 08:01 10758                      /usr/lib/x86_64-linux-gnu/libXcomposite.so.1.0.0
7f5f78593000-7f5f78792000 ---p 00002000 08:01 10758                      /usr/lib/x86_64-linux-gnu/libXcomposite.so.1.0.0
7f5f78792000-7f5f78793000 r--p 00001000 08:01 10758                      /usr/lib/x86_64-linux-gnu/libXcomposite.so.1.0.0
7f5f78793000-7f5f78794000 rw-p 00002000 08:01 10758                      /usr/lib/x86_64-linux-gnu/libXcomposite.so.1.0.0
7f5f78794000-7f5f7879d000 r-xp 00000000 08:01 10760                      /usr/lib/x86_64-linux-gnu/libXcursor.so.1.0.2
7f5f7879d000-7f5f7899c000 ---p 00009000 08:01 10760                      /usr/lib/x86_64-linux-gnu/libXcursor.so.1.0.2
7f5f7899c000-7f5f7899d000 r--p 00008000 08:01 10760                      /usr/lib/x86_64-linux-gnu/libXcursor.so.1.0.2
7f5f7899d000-7f5f7899e000 rw-p 00009000 08:01 10760                      /usr/lib/x86_64-linux-gnu/libXcursor.so.1.0.2
7f5f7899e000-7f5f789a7000 r-xp 00000000 08:01 10786                      /usr/lib/x86_64-linux-gnu/libXrandr.so.2.2.0
7f5f789a7000-7f5f78ba6000 ---p 00009000 08:01 10786                      /usr/lib/x86_64-linux-gnu/libXrandr.so.2.2.0
7f5f78ba6000-7f5f78ba7000 r--p 00008000 08:01 10786                      /usr/lib/x86_64-linux-gnu/libXrandr.so.2.2.0
7f5f78ba7000-7f5f78ba8000 rw-p 00009000 08:01 10786                      /usr/lib/x86_64-linux-gnu/libXrandr.so.2.2.0
7f5f78ba8000-7f5f78baa000 r-xp 00000000 08:01 10776                      /usr/lib/x86_64-linux-gnu/libXinerama.so.1.0.0
7f5f78baa000-7f5f78da9000 ---p 00002000 08:01 10776                      /usr/lib/x86_64-linux-gnu/libXinerama.so.1.0.0
7f5f78da9000-7f5f78daa000 r--p 00001000 08:01 10776                      /usr/lib/x86_64-linux-gnu/libXinerama.so.1.0.0
7f5f78daa000-7f5f78dab000 rw-p 00002000 08:01 10776                      /usr/lib/x86_64-linux-gnu/libXinerama.so.1.0.0
7f5f78dab000-7f5f78dbf000 r-xp 00000000 08:01 11436                      /usr/lib/x86_64-linux-gnu/libpangoft2-1.0.so.0.3200.5
7f5f78dbf000-7f5f78fbe000 ---p 00014000 08:01 11436                      /usr/lib/x86_64-linux-gnu/libpangoft2-1.0.so.0.3200.5
7f5f78fbe000-7f5f78fbf000 r--p 00013000 08:01 11436                      /usr/lib/x86_64-linux-gnu/libpangoft2-1.0.so.0.3200.5
7f5f78fbf000-7f5f78fc0000 rw-p 00014000 08:01 11436                      /usr/lib/x86_64-linux-gnu/libpangoft2-1.0.so.0.3200.5
7f5f78fc0000-7f5f790c4000 r-xp 00000000 08:01 10873                      /usr/lib/x86_64-linux-gnu/libcairo.so.2.11200.16
7f5f790c4000-7f5f792c3000 ---p 00104000 08:01 10873                      /usr/lib/x86_64-linux-gnu/libcairo.so.2.11200.16
7f5f792c3000-7f5f792c6000 r--p 00103000 08:01 10873                      /usr/lib/x86_64-linux-gnu/libcairo.so.2.11200.16
7f5f792c6000-7f5f792c7000 rw-p 00106000 08:01 10873                      /usr/lib/x86_64-linux-gnu/libcairo.so.2.11200.16
7f5f792c7000-7f5f792c9000 rw-p 00000000 00:00 0 
7f5f792c9000-7f5f792e8000 r-xp 00000000 08:01 10833                      /usr/lib/x86_64-linux-gnu/libatk-1.0.so.0.21009.1
7f5f792e8000-7f5f794e8000 ---p 0001f000 08:01 10833                      /usr/lib/x86_64-linux-gnu/libatk-1.0.so.0.21009.1
7f5f794e8000-7f5f794ea000 r--p 0001f000 08:01 10833                      /usr/lib/x86_64-linux-gnu/libatk-1.0.so.0.21009.1
7f5f794ea000-7f5f794eb000 rw-p 00021000 08:01 10833                      /usr/lib/x86_64-linux-gnu/libatk-1.0.so.0.21009.1
7f5f794eb000-7f5f794f0000 r-xp 00000000 08:01 10768                      /usr/lib/x86_64-linux-gnu/libXfixes.so.3.1.0
7f5f794f0000-7f5f796ef000 ---p 00005000 08:01 10768                      /usr/lib/x86_64-linux-gnu/libXfixes.so.3.1.0
7f5f796ef000-7f5f796f0000 r--p 00004000 08:01 10768                      /usr/lib/x86_64-linux-gnu/libXfixes.so.3.1.0
7f5f796f0000-7f5f796f1000 rw-p 00005000 08:01 10768                      /usr/lib/x86_64-linux-gnu/libXfixes.so.3.1.0
7f5f796f1000-7f5f796fc000 r-xp 00000000 08:01 11434                      /usr/lib/x86_64-linux-gnu/libpangocairo-1.0.so.0.3200.5
7f5f796fc000-7f5f798fc000 ---p 0000b000 08:01 11434                      /usr/lib/x86_64-linux-gnu/libpangocairo-1.0.so.0.3200.5
7f5f798fc000-7f5f798fd000 r--p 0000b000 08:01 11434                      /usr/lib/x86_64-linux-gnu/libpangocairo-1.0.so.0.3200.5
7f5f798fd000-7f5f798fe000 rw-p 0000c000 08:01 11434                      /usr/lib/x86_64-linux-gnu/libpangocairo-1.0.so.0.3200.5
7f5f798fe000-7f5f79901000 r-xp 00000000 08:01 1277                       /usr/lib/x86_64-linux-gnu/libgmodule-2.0.so.0.3800.1
7f5f79901000-7f5f79b00000 ---p 00003000 08:01 1277                       /usr/lib/x86_64-linux-gnu/libgmodule-2.0.so.0.3800.1
7f5f79b00000-7f5f79b01000 r--p 00002000 08:01 1277                       /usr/lib/x86_64-linux-gnu/libgmodule-2.0.so.0.3800.1
7f5f79b01000-7f5f79b02000 rw-p 00003000 08:01 1277                       /usr/lib/x86_64-linux-gnu/libgmodule-2.0.so.0.3800.1
7f5f79b02000-7f5f79b1f000 r-xp 00000000 08:01 11705                      /usr/lib/x86_64-linux-gnu/libxcb.so.1.1.0
7f5f79b1f000-7f5f79d1e000 ---p 0001d000 08:01 11705                      /usr/lib/x86_64-linux-gnu/libxcb.so.1.1.0
7f5f79d1e000-7f5f79d1f000 r--p 0001c000 08:01 11705                      /usr/lib/x86_64-linux-gnu/libxcb.so.1.1.0
7f5f79d1f000-7f5f79d20000 rw-p 0001d000 08:01 11705                      /usr/lib/x86_64-linux-gnu/libxcb.so.1.1.0
7f5f79d20000-7f5f79d8c000 r-xp 00000000 08:01 531                        /usr/lib/x86_64-linux-gnu/libcups.so.2
7f5f79d8c000-7f5f79f8b000 ---p 0006c000 08:01 531                        /usr/lib/x86_64-linux-gnu/libcups.so.2
7f5f79f8b000-7f5f79f92000 r--p 0006b000 08:01 531                        /usr/lib/x86_64-linux-gnu/libcups.so.2
7f5f79f92000-7f5f79f93000 rw-p 00072000 08:01 531                        /usr/lib/x86_64-linux-gnu/libcups.so.2
7f5f79f93000-7f5f7a091000 r-xp 00000000 08:01 156612                     /lib/x86_64-linux-gnu/libglib-2.0.so.0.3800.1
7f5f7a091000-7f5f7a291000 ---p 000fe000 08:01 156612                     /lib/x86_64-linux-gnu/libglib-2.0.so.0.3800.1
7f5f7a291000-7f5f7a292000 r--p 000fe000 08:01 156612                     /lib/x86_64-linux-gnu/libglib-2.0.so.0.3800.1
7f5f7a292000-7f5f7a293000 rw-p 000ff000 08:01 156612                     /lib/x86_64-linux-gnu/libglib-2.0.so.0.3800.1
7f5f7a293000-7f5f7a294000 rw-p 00000000 00:00 0 
7f5f7a294000-7f5f7a295000 r-xp 00000000 08:01 418                        /usr/lib/x86_64-linux-gnu/libgthread-2.0.so.0.3800.1
7f5f7a295000-7f5f7a494000 ---p 00001000 08:01 418                        /usr/lib/x86_64-linux-gnu/libgthread-2.0.so.0.3800.1
7f5f7a494000-7f5f7a495000 r--p 00000000 08:01 418                        /usr/lib/x86_64-linux-gnu/libgthread-2.0.so.0.3800.1
7f5f7a495000-7f5f7a496000 rw-p 00001000 08:01 418                        /usr/lib/x86_64-linux-gnu/libgthread-2.0.so.0.3800.1
7f5f7a496000-7f5f7a4e5000 r-xp 00000000 08:01 399                        /usr/lib/x86_64-linux-gnu/libgobject-2.0.so.0.3800.1
7f5f7a4e5000-7f5f7a6e5000 ---p 0004f000 08:01 399                        /usr/lib/x86_64-linux-gnu/libgobject-2.0.so.0.3800.1
7f5f7a6e5000-7f5f7a6e6000 r--p 0004f000 08:01 399                        /usr/lib/x86_64-linux-gnu/libgobject-2.0.so.0.3800.1
7f5f7a6e6000-7f5f7a6e7000 rw-p 00050000 08:01 399                        /usr/lib/x86_64-linux-gnu/libgobject-2.0.so.0.3800.1
7f5f7a6e7000-7f5f7a720000 r-xp 00000000 08:01 11015                      /usr/lib/x86_64-linux-gnu/libfontconfig.so.1.7.0
7f5f7a720000-7f5f7a920000 ---p 00039000 08:01 11015                      /usr/lib/x86_64-linux-gnu/libfontconfig.so.1.7.0
7f5f7a920000-7f5f7a922000 r--p 00039000 08:01 11015                      /usr/lib/x86_64-linux-gnu/libfontconfig.so.1.7.0
7f5f7a922000-7f5f7a923000 rw-p 0003b000 08:01 11015                      /usr/lib/x86_64-linux-gnu/libfontconfig.so.1.7.0
7f5f7a923000-7f5f7a96d000 r-xp 00000000 08:01 11432                      /usr/lib/x86_64-linux-gnu/libpango-1.0.so.0.3200.5
7f5f7a96d000-7f5f7ab6c000 ---p 0004a000 08:01 11432                      /usr/lib/x86_64-linux-gnu/libpango-1.0.so.0.3200.5
7f5f7ab6c000-7f5f7ab6e000 r--p 00049000 08:01 11432                      /usr/lib/x86_64-linux-gnu/libpango-1.0.so.0.3200.5
7f5f7ab6e000-7f5f7ab6f000 rw-p 0004b000 08:01 11432                      /usr/lib/x86_64-linux-gnu/libpango-1.0.so.0.3200.5
7f5f7ab6f000-7f5f7ab8e000 r-xp 00000000 08:01 11082                      /usr/lib/x86_64-linux-gnu/libgdk_pixbuf-2.0.so.0.2800.1
7f5f7ab8e000-7f5f7ad8d000 ---p 0001f000 08:01 11082                      /usr/lib/x86_64-linux-gnu/libgdk_pixbuf-2.0.so.0.2800.1
7f5f7ad8d000-7f5f7ad8e000 r--p 0001e000 08:01 11082                      /usr/lib/x86_64-linux-gnu/libgdk_pixbuf-2.0.so.0.2800.1
7f5f7ad8e000-7f5f7ad8f000 rw-p 0001f000 08:01 11082                      /usr/lib/x86_64-linux-gnu/libgdk_pixbuf-2.0.so.0.2800.1
7f5f7ad8f000-7f5f7aeeb000 r-xp 00000000 08:01 218                        /usr/lib/x86_64-linux-gnu/libgio-2.0.so.0.3800.1
7f5f7aeeb000-7f5f7b0ea000 ---p 0015c000 08:01 218                        /usr/lib/x86_64-linux-gnu/libgio-2.0.so.0.3800.1
7f5f7b0ea000-7f5f7b0ee000 r--p 0015b000 08:01 218                        /usr/lib/x86_64-linux-gnu/libgio-2.0.so.0.3800.1
7f5f7b0ee000-7f5f7b0f0000 rw-p 0015f000 08:01 218                        /usr/lib/x86_64-linux-gnu/libgio-2.0.so.0.3800.1
7f5f7b0f0000-7f5f7b0f2000 rw-p 00000000 00:00 0 
7f5f7b0f2000-7f5f7b19f000 r-xp 00000000 08:01 11080                      /usr/lib/x86_64-linux-gnu/libgdk-x11-2.0.so.0.2400.20
7f5f7b19f000-7f5f7b39e000 ---p 000ad000 08:01 11080                      /usr/lib/x86_64-linux-gnu/libgdk-x11-2.0.so.0.2400.20
7f5f7b39e000-7f5f7b3a2000 r--p 000ac000 08:01 11080                      /usr/lib/x86_64-linux-gnu/libgdk-x11-2.0.so.0.2400.20
7f5f7b3a2000-7f5f7b3a4000 rw-p 000b0000 08:01 11080                      /usr/lib/x86_64-linux-gnu/libgdk-x11-2.0.so.0.2400.20
7f5f7b3a4000-7f5f7b7d3000 r-xp 00000000 08:01 11240                      /usr/lib/x86_64-linux-gnu/libgtk-x11-2.0.so.0.2400.20
7f5f7b7d3000-7f5f7b9d2000 ---p 0042f000 08:01 11240                      /usr/lib/x86_64-linux-gnu/libgtk-x11-2.0.so.0.2400.20
7f5f7b9d2000-7f5f7b9d9000 r--p 0042e000 08:01 11240                      /usr/lib/x86_64-linux-gnu/libgtk-x11-2.0.so.0.2400.20
7f5f7b9d9000-7f5f7b9dd000 rw-p 00435000 08:01 11240                      /usr/lib/x86_64-linux-gnu/libgtk-x11-2.0.so.0.2400.20
7f5f7b9dd000-7f5f7b9e0000 rw-p 00000000 00:00 0 
7f5f7b9e0000-7f5f7b9ef000 r-xp 00000000 08:01 10774                      /usr/lib/x86_64-linux-gnu/libXi.so.6.1.0
7f5f7b9ef000-7f5f7bbee000 ---p 0000f000 08:01 10774                      /usr/lib/x86_64-linux-gnu/libXi.so.6.1.0
7f5f7bbee000-7f5f7bbef000 r--p 0000e000 08:01 10774                      /usr/lib/x86_64-linux-gnu/libXi.so.6.1.0
7f5f7bbef000-7f5f7bbf0000 rw-p 0000f000 08:01 10774                      /usr/lib/x86_64-linux-gnu/libXi.so.6.1.0
7f5f7bbf0000-7f5f7bbf5000 r-xp 00000000 08:01 10792                      /usr/lib/x86_64-linux-gnu/libXtst.so.6.1.0
7f5f7bbf5000-7f5f7bdf4000 ---p 00005000 08:01 10792                      /usr/lib/x86_64-linux-gnu/libXtst.so.6.1.0
7f5f7bdf4000-7f5f7bdf5000 r--p 00004000 08:01 10792                      /usr/lib/x86_64-linux-gnu/libXtst.so.6.1.0
7f5f7bdf5000-7f5f7bdf6000 rw-p 00005000 08:01 10792                      /usr/lib/x86_64-linux-gnu/libXtst.so.6.1.0
7f5f7bdf6000-7f5f7bdff000 r-xp 00000000 08:01 10788                      /usr/lib/x86_64-linux-gnu/libXrender.so.1.3.0
7f5f7bdff000-7f5f7bffe000 ---p 00009000 08:01 10788                      /usr/lib/x86_64-linux-gnu/libXrender.so.1.3.0
7f5f7bffe000-7f5f7bfff000 r--p 00008000 08:01 10788                      /usr/lib/x86_64-linux-gnu/libXrender.so.1.3.0
7f5f7bfff000-7f5f7c000000 rw-p 00009000 08:01 10788                      /usr/lib/x86_64-linux-gnu/libXrender.so.1.3.0
7f5f7c000000-7f5f7ca29000 rw-p 00000000 00:00 0 
7f5f7ca29000-7f5f80000000 ---p 00000000 00:00 0 
7f5f80000000-7f5f80021000 rw-p 00000000 00:00 0 
7f5f80021000-7f5f84000000 ---p 00000000 00:00 0 
7f5f84000000-7f5f84021000 rw-p 00000000 00:00 0 
7f5f84021000-7f5f88000000 ---p 00000000 00:00 0 
7f5f88000000-7f5f886a9000 rw-p 00000000 00:00 0 
7f5f886a9000-7f5f8c000000 ---p 00000000 00:00 0 
7f5f8c000000-7f5f8c021000 rw-p 00000000 00:00 0 
7f5f8c021000-7f5f90000000 ---p 00000000 00:00 0 
7f5f90000000-7f5f90021000 rw-p 00000000 00:00 0 
7f5f90021000-7f5f94000000 ---p 00000000 00:00 0 
7f5f94000000-7f5f94021000 rw-p 00000000 00:00 0 
7f5f94021000-7f5f98000000 ---p 00000000 00:00 0 
7f5f98000000-7f5f98021000 rw-p 00000000 00:00 0 
7f5f98021000-7f5f9c000000 ---p 00000000 00:00 0 
7f5f9c0a9000-7f5f9c0ac000 ---p 00000000 00:00 0 
7f5f9c0ac000-7f5f9c0e2000 rw-p 00000000 00:00 0                          [stack:10750]
7f5f9c0e2000-7f5f9c0e5000 ---p 00000000 00:00 0 
7f5f9c0e5000-7f5f9c1e3000 rw-p 00000000 00:00 0                          [stack:10741]
7f5f9c1e3000-7f5f9c313000 r-xp 00000000 08:01 10749                      /usr/lib/x86_64-linux-gnu/libX11.so.6.3.0
7f5f9c313000-7f5f9c513000 ---p 00130000 08:01 10749                      /usr/lib/x86_64-linux-gnu/libX11.so.6.3.0
7f5f9c513000-7f5f9c514000 r--p 00130000 08:01 10749                      /usr/lib/x86_64-linux-gnu/libX11.so.6.3.0
7f5f9c514000-7f5f9c518000 rw-p 00131000 08:01 10749                      /usr/lib/x86_64-linux-gnu/libX11.so.6.3.0
7f5f9c518000-7f5f9c529000 r-xp 00000000 08:01 10766                      /usr/lib/x86_64-linux-gnu/libXext.so.6.4.0
7f5f9c529000-7f5f9c728000 ---p 00011000 08:01 10766                      /usr/lib/x86_64-linux-gnu/libXext.so.6.4.0
7f5f9c728000-7f5f9c729000 r--p 00010000 08:01 10766                      /usr/lib/x86_64-linux-gnu/libXext.so.6.4.0
7f5f9c729000-7f5f9c72a000 rw-p 00011000 08:01 10766                      /usr/lib/x86_64-linux-gnu/libXext.so.6.4.0
7f5f9c72c000-7f5f9c72d000 rwxp 00000000 00:00 0 
7f5f9c72d000-7f5f9c734000 r--s 00000000 08:01 395206                     /usr/lib/x86_64-linux-gnu/gconv/gconv-modules.cache
7f5f9c734000-7f5f9c73e000 r--s 000b8000 08:01 286411                     /usr/lib/jvm/java-7-openjdk-amd64/jre/lib/resources.jar
7f5f9c73e000-7f5f9c78f000 r-xp 00000000 08:01 286465                     /usr/lib/jvm/java-7-openjdk-amd64/jre/lib/amd64/xawt/libmawt.so
7f5f9c78f000-7f5f9c98e000 ---p 00051000 08:01 286465                     /usr/lib/jvm/java-7-openjdk-amd64/jre/lib/amd64/xawt/libmawt.so
7f5f9c98e000-7f5f9c98f000 r--p 00050000 08:01 286465                     /usr/lib/jvm/java-7-openjdk-amd64/jre/lib/amd64/xawt/libmawt.so
7f5f9c98f000-7f5f9c992000 rw-p 00051000 08:01 286465                     /usr/lib/jvm/java-7-openjdk-amd64/jre/lib/amd64/xawt/libmawt.so
7f5f9c992000-7f5f9c993000 rw-p 00000000 00:00 0 
7f5f9c993000-7f5f9ca33000 r-xp 00000000 08:01 286405                     /usr/lib/jvm/java-7-openjdk-amd64/jre/lib/amd64/libawt.so
7f5f9ca33000-7f5f9cc32000 ---p 000a0000 08:01 286405                     /usr/lib/jvm/java-7-openjdk-amd64/jre/lib/amd64/libawt.so
7f5f9cc32000-7f5f9cc33000 r--p 0009f000 08:01 286405                     /usr/lib/jvm/java-7-openjdk-amd64/jre/lib/amd64/libawt.so
7f5f9cc33000-7f5f9cc3e000 rw-p 000a0000 08:01 286405                     /usr/lib/jvm/java-7-openjdk-amd64/jre/lib/amd64/libawt.so
7f5f9cc3e000-7f5f9cc63000 rw-p 00000000 00:00 0 
7f5f9cc63000-7f5f9ccd2000 r-xp 00000000 08:01 15275                      /tmp/libgdxproboscis/9375c49/libgdx64.so
7f5f9ccd2000-7f5f9ced1000 ---p 0006f000 08:01 15275                      /tmp/libgdxproboscis/9375c49/libgdx64.so
7f5f9ced1000-7f5f9ced3000 r--p 0006e000 08:01 15275                      /tmp/libgdxproboscis/9375c49/libgdx64.so
7f5f9ced3000-7f5f9ced4000 rw-p 00070000 08:01 15275                      /tmp/libgdxproboscis/9375c49/libgdx64.so
7f5f9ced4000-7f5f9ced5000 rw-p 00000000 00:00 0 
7f5f9ced5000-7f5f9ced8000 r--s 00019000 08:01 949268                     /home/proboscis/.ivy2/cache/com.github.scopt/scopt_2.10/jars/scopt_2.10-3.1.0.jar
7f5f9ced8000-7f5f9cee1000 r--s 00098000 08:01 949280                     /home/proboscis/.ivy2/cache/org.javassist/javassist/jars/javassist-3.16.1-GA.jar
7f5f9cee1000-7f5f9cee4000 r--s 00012000 08:01 949276                     /home/proboscis/.ivy2/cache/com.googlecode.classgenerator/classgenerator/jars/classgenerator-0.6.8-2.10.3.jar
7f5f9cee4000-7f5f9cef3000 r--s 00076000 08:01 949278                     /home/proboscis/.ivy2/cache/joda-time/joda-time/jars/joda-time-1.6.2.jar
7f5f9cef3000-7f5f9cef6000 r--s 00016000 08:01 949270                     /home/proboscis/.ivy2/cache/org.scala-tools.time/time_2.9.1/jars/time_2.9.1-0.5.jar
7f5f9cef6000-7f5f9cefb000 r--s 00022000 08:01 949266                     /home/proboscis/.ivy2/cache/com.googlecode.scalascriptengine/scalascriptengine/jars/scalascriptengine-1.3.7-2.10.3.jar
7f5f9cefb000-7f5f9cf30000 r--s 002da000 08:01 949160                     /home/proboscis/.ivy2/cache/org.scala-lang/scala-reflect/jars/scala-reflect-2.10.3.jar
7f5f9cf30000-7f5f9cf35000 r--s 00029000 08:01 949209                     /home/proboscis/.ivy2/cache/org.parboiled/parboiled-core/bundles/parboiled-core-1.1.5.jar
7f5f9cf35000-7f5f9cf3a000 r--s 00036000 08:01 949207                     /home/proboscis/.ivy2/cache/org.parboiled/parboiled-scala_2.10/bundles/parboiled-scala_2.10-1.1.5.jar
7f5f9cf3a000-7f5f9cf40000 r--s 00049000 08:01 949205                     /home/proboscis/.ivy2/cache/io.spray/spray-json_2.10/jars/spray-json_2.10-1.2.5.jar
7f5f9cf40000-7f5f9cff3000 r--s 007e4000 08:01 949199                     /home/proboscis/.ivy2/cache/org.scalaz/scalaz-core_2.10/bundles/scalaz-core_2.10-7.0.4.jar
7f5f9cff3000-7f5f9d009000 r--s 0014d000 08:01 427555                     /home/proboscis/Documents/workspace/Match3/common/lib/gdx.jar
7f5f9d009000-7f5f9d00a000 ---p 00000000 00:00 0 
7f5f9d00a000-7f5f9d10a000 rw-p 00000000 00:00 0 
7f5f9d10a000-7f5f9d10d000 ---p 00000000 00:00 0 
7f5f9d10d000-7f5f9d20b000 rw-p 00000000 00:00 0                          [stack:10738]
7f5f9d20b000-7f5f9d20e000 ---p 00000000 00:00 0 
7f5f9d20e000-7f5f9d30c000 rw-p 00000000 00:00 0                          [stack:10737]
7f5f9d30c000-7f5f9d30f000 ---p 00000000 00:00 0 
7f5f9d30f000-7f5f9d40d000 rw-p 00000000 00:00 0                          [stack:10736]
7f5f9d40d000-7f5f9d410000 ---p 00000000 00:00 0 
7f5f9d410000-7f5f9d50e000 rw-p 00000000 00:00 0 
7f5f9d50e000-7f5f9dbf0000 r--p 00000000 08:01 8051                       /usr/lib/locale/locale-archive
7f5f9dbf0000-7f5fa0000000 rw-p 00000000 00:00 0 
7f5fa0000000-7f5fa0021000 rw-p 00000000 00:00 0 
7f5fa0021000-7f5fa4000000 ---p 00000000 00:00 0 
7f5fa4000000-7f5fa4021000 rw-p 00000000 00:00 0 
7f5fa4021000-7f5fa8000000 ---p 00000000 00:00 0 
7f5fa8000000-7f5fa8021000 rw-p 00000000 00:00 0 
7f5fa8021000-7f5fac000000 ---p 00000000 00:00 0 
7f5fac000000-7f5fac021000 rw-p 00000000 00:00 0 
7f5fac021000-7f5fb0000000 ---p 00000000 00:00 0 
7f5fb0000000-7f5fb0021000 rw-p 00000000 00:00 0 
7f5fb0021000-7f5fb4000000 ---p 00000000 00:00 0 
7f5fb4000000-7f5fb4002000 r--s 00009000 08:01 949274                     /home/proboscis/.ivy2/cache/com.googlecode.scalaconcurrency/scalaconcurrency/jars/scalaconcurrency-0.8.2-2.10.2.jar
7f5fb4002000-7f5fb400a000 r--s 0005c000 08:01 949203                     /home/proboscis/.ivy2/cache/org.scalaz/scalaz-typelevel_2.10/bundles/scalaz-typelevel_2.10-7.0.4.jar
7f5fb400a000-7f5fb4014000 r--s 0005f000 08:01 949201                     /home/proboscis/.ivy2/cache/org.scalaz/scalaz-effect_2.10/bundles/scalaz-effect_2.10-7.0.4.jar
7f5fb4014000-7f5fb4021000 r--s 00109000 08:01 427556                     /home/proboscis/Documents/workspace/Match3/common/lib/js.jar
7f5fb4021000-7f5fb403a000 r--s 001df000 08:01 427902                     /home/proboscis/Documents/workspace/Match3/desktop/lib/gdx-tools.jar
7f5fb403a000-7f5fb404c000 r--s 00128000 08:01 427900                     /home/proboscis/Documents/workspace/Match3/desktop/lib/gdx-backend-lwjgl.jar
7f5fb404c000-7f5fb404f000 ---p 00000000 00:00 0 
7f5fb404f000-7f5fb414d000 rw-p 00000000 00:00 0                          [stack:10734]
7f5fb414d000-7f5fb4150000 ---p 00000000 00:00 0 
7f5fb4150000-7f5fb424e000 rw-p 00000000 00:00 0                          [stack:10733]
7f5fb424e000-7f5fb424f000 ---p 00000000 00:00 0 
7f5fb424f000-7f5fb5000000 rw-p 00000000 00:00 0                          [stack:10732]
7f5fb5000000-7f5fb5270000 rwxp 00000000 00:00 0 
7f5fb5270000-7f5fb8844000 rw-p 00000000 00:00 0 
7f5fb8844000-7f5fbc000000 ---p 00000000 00:00 0 
7f5fbc000000-7f5fbc002000 r--s 00005000 08:01 949272                     /home/proboscis/.ivy2/cache/org.slf4j/slf4j-api/jars/slf4j-api-1.6.4.jar
7f5fbc002000-7f5fbc003000 r--s 001ea000 08:01 427553                     /home/proboscis/Documents/workspace/Match3/common/lib/gdx-freetype-natives.jar
7f5fbc003000-7f5fbc006000 r--s 0000b000 08:01 427559                     /home/proboscis/Documents/workspace/Match3/common/lib/tween-engine-api.jar
7f5fbc006000-7f5fbc008000 r--s 00006000 08:01 427558                     /home/proboscis/Documents/workspace/Match3/common/lib/tween-engine-api-sources.jar
7f5fbc008000-7f5fbc009000 r--s 00002000 08:01 427557                     /home/proboscis/Documents/workspace/Match3/common/lib/slf4j-simple-1.7.5.jar
7f5fbc009000-7f5fbc00a000 r--s 00005000 08:01 427554                     /home/proboscis/Documents/workspace/Match3/common/lib/gdx-freetype.jar
7f5fbc00a000-7f5fbc00b000 r--s 00127000 08:01 427901                     /home/proboscis/Documents/workspace/Match3/desktop/lib/gdx-natives.jar
7f5fbc00b000-7f5fbc00d000 r--s 0019e000 08:01 427899                     /home/proboscis/Documents/workspace/Match3/desktop/lib/gdx-backend-lwjgl-natives.jar
7f5fbc00d000-7f5fbc011000 r--s 0003b000 08:01 286419                     /usr/lib/jvm/java-7-openjdk-amd64/jre/lib/ext/sunpkcs11.jar
7f5fbc011000-7f5fbc95c000 rw-p 00000000 00:00 0 
7f5fbc95c000-7f5fbc991000 r--s 002da000 08:01 949169                     /home/proboscis/.sbt/boot/scala-2.10.3/lib/scala-reflect.jar
7f5fbc991000-7f5fbc9b4000 rw-p 00000000 00:00 0 
7f5fbc9b4000-7f5fbcab0000 r--s 00cc7000 08:01 949170                     /home/proboscis/.sbt/boot/scala-2.10.3/lib/scala-compiler.jar
7f5fbcab0000-7f5fbcb22000 r--s 0065a000 08:01 949168                     /home/proboscis/.sbt/boot/scala-2.10.3/lib/scala-library.jar
7f5fbcb22000-7f5fbcb6a000 rw-p 00000000 00:00 0 
7f5fbcb6a000-7f5fbcd18000 r--s 01cf4000 08:01 286428                     /usr/lib/jvm/java-7-openjdk-amd64/jre/lib/rt.jar
7f5fbcd18000-7f5fbd052000 rw-p 00000000 00:00 0 
7f5fbd052000-7f5fbd053000 ---p 00000000 00:00 0 
7f5fbd053000-7f5fbd153000 rw-p 00000000 00:00 0                          [stack:10731]
7f5fbd153000-7f5fbd154000 ---p 00000000 00:00 0 
7f5fbd154000-7f5fbd254000 rw-p 00000000 00:00 0                          [stack:10730]
7f5fbd254000-7f5fbd255000 ---p 00000000 00:00 0 
7f5fbd255000-7f5fbd355000 rw-p 00000000 00:00 0                          [stack:10729]
7f5fbd355000-7f5fbd356000 ---p 00000000 00:00 0 
7f5fbd356000-7f5fbd456000 rw-p 00000000 00:00 0                          [stack:10728]
7f5fbd456000-7f5fbd457000 ---p 00000000 00:00 0 
7f5fbd457000-7f5fbd557000 rw-p 00000000 00:00 0                          [stack:10727]
7f5fbd557000-7f5fbd558000 ---p 00000000 00:00 0 
7f5fbd558000-7f5fbd674000 rw-p 00000000 00:00 0                          [stack:10726]
7f5fbd674000-7f5fbd6ab000 rw-p 00000000 00:00 0 
7f5fbd6ab000-7f5fbd6c0000 rw-p 00000000 00:00 0 
7f5fbd6c0000-7f5fbd7f5000 rw-p 00000000 00:00 0 
7f5fbd7f5000-7f5fbd811000 rw-p 00000000 00:00 0 
7f5fbd811000-7f5fbd848000 rw-p 00000000 00:00 0 
7f5fbd848000-7f5fbd85d000 rw-p 00000000 00:00 0 
7f5fbd85d000-7f5fbd991000 rw-p 00000000 00:00 0 
7f5fbd991000-7f5fbd99e000 rw-p 00000000 00:00 0 
7f5fbd99e000-7f5fbda36000 rw-p 00000000 00:00 0 
7f5fbda36000-7f5fbda37000 rw-p 00000000 00:00 0 
7f5fbda37000-7f5fbda3f000 r-xp 00000000 08:01 286371                     /usr/lib/jvm/java-7-openjdk-amd64/jre/lib/amd64/libzip.so
7f5fbda3f000-7f5fbdc3e000 ---p 00008000 08:01 286371                     /usr/lib/jvm/java-7-openjdk-amd64/jre/lib/amd64/libzip.so
7f5fbdc3e000-7f5fbdc3f000 r--p 00007000 08:01 286371                     /usr/lib/jvm/java-7-openjdk-amd64/jre/lib/amd64/libzip.so
7f5fbdc3f000-7f5fbdc40000 rw-p 00008000 08:01 286371                     /usr/lib/jvm/java-7-openjdk-amd64/jre/lib/amd64/libzip.so
7f5fbdc40000-7f5fbdc4c000 r-xp 00000000 08:01 135714                     /lib/x86_64-linux-gnu/libnss_files-2.17.so
7f5fbdc4c000-7f5fbde4b000 ---p 0000c000 08:01 135714                     /lib/x86_64-linux-gnu/libnss_files-2.17.so
7f5fbde4b000-7f5fbde4c000 r--p 0000b000 08:01 135714                     /lib/x86_64-linux-gnu/libnss_files-2.17.so
7f5fbde4c000-7f5fbde4d000 rw-p 0000c000 08:01 135714                     /lib/x86_64-linux-gnu/libnss_files-2.17.so
7f5fbde4d000-7f5fbde58000 r-xp 00000000 08:01 135718                     /lib/x86_64-linux-gnu/libnss_nis-2.17.so
7f5fbde58000-7f5fbe057000 ---p 0000b000 08:01 135718                     /lib/x86_64-linux-gnu/libnss_nis-2.17.so
7f5fbe057000-7f5fbe058000 r--p 0000a000 08:01 135718                     /lib/x86_64-linux-gnu/libnss_nis-2.17.so
7f5fbe058000-7f5fbe059000 rw-p 0000b000 08:01 135718                     /lib/x86_64-linux-gnu/libnss_nis-2.17.so
7f5fbe059000-7f5fbe070000 r-xp 00000000 08:01 135708                     /lib/x86_64-linux-gnu/libnsl-2.17.so
7f5fbe070000-7f5fbe26f000 ---p 00017000 08:01 135708                     /lib/x86_64-linux-gnu/libnsl-2.17.so
7f5fbe26f000-7f5fbe270000 r--p 00016000 08:01 135708                     /lib/x86_64-linux-gnu/libnsl-2.17.so
7f5fbe270000-7f5fbe271000 rw-p 00017000 08:01 135708                     /lib/x86_64-linux-gnu/libnsl-2.17.so
7f5fbe271000-7f5fbe273000 rw-p 00000000 00:00 0 
7f5fbe273000-7f5fbe27b000 r-xp 00000000 08:01 135710                     /lib/x86_64-linux-gnu/libnss_compat-2.17.so
7f5fbe27b000-7f5fbe47a000 ---p 00008000 08:01 135710                     /lib/x86_64-linux-gnu/libnss_compat-2.17.so
7f5fbe47a000-7f5fbe47b000 r--p 00007000 08:01 135710                     /lib/x86_64-linux-gnu/libnss_compat-2.17.so
7f5fbe47b000-7f5fbe47c000 rw-p 00008000 08:01 135710                     /lib/x86_64-linux-gnu/libnss_compat-2.17.so
7f5fbe47c000-7f5fbe4a7000 r-xp 00000000 08:01 286368                     /usr/lib/jvm/java-7-openjdk-amd64/jre/lib/amd64/libjava.so
7f5fbe4a7000-7f5fbe6a6000 ---p 0002b000 08:01 286368                     /usr/lib/jvm/java-7-openjdk-amd64/jre/lib/amd64/libjava.so
7f5fbe6a6000-7f5fbe6a7000 r--p 0002a000 08:01 286368                     /usr/lib/jvm/java-7-openjdk-amd64/jre/lib/amd64/libjava.so
7f5fbe6a7000-7f5fbe6a9000 rw-p 0002b000 08:01 286368                     /usr/lib/jvm/java-7-openjdk-amd64/jre/lib/amd64/libjava.so
7f5fbe6a9000-7f5fbe6b9000 r-xp 00000000 08:01 286382                     /usr/lib/jvm/java-7-openjdk-amd64/jre/lib/amd64/libverify.so
7f5fbe6b9000-7f5fbe8b8000 ---p 00010000 08:01 286382                     /usr/lib/jvm/java-7-openjdk-amd64/jre/lib/amd64/libverify.so
7f5fbe8b8000-7f5fbe8ba000 r--p 0000f000 08:01 286382                     /usr/lib/jvm/java-7-openjdk-amd64/jre/lib/amd64/libverify.so
7f5fbe8ba000-7f5fbe8bb000 rw-p 00011000 08:01 286382                     /usr/lib/jvm/java-7-openjdk-amd64/jre/lib/amd64/libverify.so
7f5fbe8bb000-7f5fbe8c2000 r-xp 00000000 08:01 135761                     /lib/x86_64-linux-gnu/librt-2.17.so
7f5fbe8c2000-7f5fbeac1000 ---p 00007000 08:01 135761                     /lib/x86_64-linux-gnu/librt-2.17.so
7f5fbeac1000-7f5fbeac2000 r--p 00006000 08:01 135761                     /lib/x86_64-linux-gnu/librt-2.17.so
7f5fbeac2000-7f5fbeac3000 rw-p 00007000 08:01 135761                     /lib/x86_64-linux-gnu/librt-2.17.so
7f5fbeac3000-7f5fbead8000 r-xp 00000000 08:01 156409                     /lib/x86_64-linux-gnu/libgcc_s.so.1
7f5fbead8000-7f5fbecd7000 ---p 00015000 08:01 156409                     /lib/x86_64-linux-gnu/libgcc_s.so.1
7f5fbecd7000-7f5fbecd8000 r--p 00014000 08:01 156409                     /lib/x86_64-linux-gnu/libgcc_s.so.1
7f5fbecd8000-7f5fbecd9000 rw-p 00015000 08:01 156409                     /lib/x86_64-linux-gnu/libgcc_s.so.1
7f5fbecd9000-7f5fbeddc000 r-xp 00000000 08:01 135689                     /lib/x86_64-linux-gnu/libm-2.17.so
7f5fbeddc000-7f5fbefdb000 ---p 00103000 08:01 135689                     /lib/x86_64-linux-gnu/libm-2.17.so
7f5fbefdb000-7f5fbefdc000 r--p 00102000 08:01 135689                     /lib/x86_64-linux-gnu/libm-2.17.so
7f5fbefdc000-7f5fbefdd000 rw-p 00103000 08:01 135689                     /lib/x86_64-linux-gnu/libm-2.17.so
7f5fbefdd000-7f5fbf0c3000 r-xp 00000000 08:01 5386                       /usr/lib/x86_64-linux-gnu/libstdc++.so.6.0.18
7f5fbf0c3000-7f5fbf2c2000 ---p 000e6000 08:01 5386                       /usr/lib/x86_64-linux-gnu/libstdc++.so.6.0.18
7f5fbf2c2000-7f5fbf2ca000 r--p 000e5000 08:01 5386                       /usr/lib/x86_64-linux-gnu/libstdc++.so.6.0.18
7f5fbf2ca000-7f5fbf2cc000 rw-p 000ed000 08:01 5386                       /usr/lib/x86_64-linux-gnu/libstdc++.so.6.0.18
7f5fbf2cc000-7f5fbf2e1000 rw-p 00000000 00:00 0 
7f5fbf2e1000-7f5fbfdc0000 r-xp 00000000 08:01 286396                     /usr/lib/jvm/java-7-openjdk-amd64/jre/lib/amd64/server/libjvm.so
7f5fbfdc0000-7f5fbffbf000 ---p 00adf000 08:01 286396                     /usr/lib/jvm/java-7-openjdk-amd64/jre/lib/amd64/server/libjvm.so
7f5fbffbf000-7f5fc0051000 r--p 00ade000 08:01 286396                     /usr/lib/jvm/java-7-openjdk-amd64/jre/lib/amd64/server/libjvm.so
7f5fc0051000-7f5fc0074000 rw-p 00b70000 08:01 286396                     /usr/lib/jvm/java-7-openjdk-amd64/jre/lib/amd64/server/libjvm.so
7f5fc0074000-7f5fc00a1000 rw-p 00000000 00:00 0 
7f5fc00a1000-7f5fc00b9000 r-xp 00000000 08:01 135796                     /lib/x86_64-linux-gnu/libz.so.1.2.8
7f5fc00b9000-7f5fc02b8000 ---p 00018000 08:01 135796                     /lib/x86_64-linux-gnu/libz.so.1.2.8
7f5fc02b8000-7f5fc02b9000 r--p 00017000 08:01 135796                     /lib/x86_64-linux-gnu/libz.so.1.2.8
7f5fc02b9000-7f5fc02ba000 rw-p 00018000 08:01 135796                     /lib/x86_64-linux-gnu/libz.so.1.2.8
7f5fc02ba000-7f5fc02d1000 r-xp 00000000 08:01 135753                     /lib/x86_64-linux-gnu/libpthread-2.17.so
7f5fc02d1000-7f5fc04d1000 ---p 00017000 08:01 135753                     /lib/x86_64-linux-gnu/libpthread-2.17.so
7f5fc04d1000-7f5fc04d2000 r--p 00017000 08:01 135753                     /lib/x86_64-linux-gnu/libpthread-2.17.so
7f5fc04d2000-7f5fc04d3000 rw-p 00018000 08:01 135753                     /lib/x86_64-linux-gnu/libpthread-2.17.so
7f5fc04d3000-7f5fc04d7000 rw-p 00000000 00:00 0 
7f5fc04d7000-7f5fc04da000 r-xp 00000000 08:01 135653                     /lib/x86_64-linux-gnu/libdl-2.17.so
7f5fc04da000-7f5fc06d9000 ---p 00003000 08:01 135653                     /lib/x86_64-linux-gnu/libdl-2.17.so
7f5fc06d9000-7f5fc06da000 r--p 00002000 08:01 135653                     /lib/x86_64-linux-gnu/libdl-2.17.so
7f5fc06da000-7f5fc06db000 rw-p 00003000 08:01 135653                     /lib/x86_64-linux-gnu/libdl-2.17.so
7f5fc06db000-7f5fc0898000 r-xp 00000000 08:01 135638                     /lib/x86_64-linux-gnu/libc-2.17.so
7f5fc0898000-7f5fc0a98000 ---p 001bd000 08:01 135638                     /lib/x86_64-linux-gnu/libc-2.17.so
7f5fc0a98000-7f5fc0a9c000 r--p 001bd000 08:01 135638                     /lib/x86_64-linux-gnu/libc-2.17.so
7f5fc0a9c000-7f5fc0a9e000 rw-p 001c1000 08:01 135638                     /lib/x86_64-linux-gnu/libc-2.17.so
7f5fc0a9e000-7f5fc0aa3000 rw-p 00000000 00:00 0 
7f5fc0aa3000-7f5fc0ab0000 r-xp 00000000 08:01 286402                     /usr/lib/jvm/java-7-openjdk-amd64/jre/lib/amd64/jli/libjli.so
7f5fc0ab0000-7f5fc0caf000 ---p 0000d000 08:01 286402                     /usr/lib/jvm/java-7-openjdk-amd64/jre/lib/amd64/jli/libjli.so
7f5fc0caf000-7f5fc0cb0000 r--p 0000c000 08:01 286402                     /usr/lib/jvm/java-7-openjdk-amd64/jre/lib/amd64/jli/libjli.so
7f5fc0cb0000-7f5fc0cb1000 rw-p 0000d000 08:01 286402                     /usr/lib/jvm/java-7-openjdk-amd64/jre/lib/amd64/jli/libjli.so
7f5fc0cb1000-7f5fc0cd4000 r-xp 00000000 08:01 135614                     /lib/x86_64-linux-gnu/ld-2.17.so
7f5fc0cd4000-7f5fc0cd6000 r--s 00006000 08:01 427143                     /usr/share/java/java-atk-wrapper.jar
7f5fc0cd6000-7f5fc0cda000 r--s 00085000 08:01 286414                     /usr/lib/jvm/java-7-openjdk-amd64/jre/lib/ext/localedata.jar
7f5fc0cda000-7f5fc0cdd000 r--s 0000f000 08:01 286415                     /usr/lib/jvm/java-7-openjdk-amd64/jre/lib/ext/pulse-java.jar
7f5fc0cdd000-7f5fc0ce0000 r--s 00032000 08:01 286417                     /usr/lib/jvm/java-7-openjdk-amd64/jre/lib/ext/sunjce_provider.jar
7f5fc0ce0000-7f5fc0d01000 rw-p 00000000 00:00 0 
7f5fc0d01000-7f5fc0db7000 rw-p 00000000 00:00 0 
7f5fc0db7000-7f5fc0dba000 ---p 00000000 00:00 0 
7f5fc0dba000-7f5fc0ebd000 rw-p 00000000 00:00 0                          [stack:10725]
7f5fc0ebd000-7f5fc0ebe000 r--s 00002000 08:01 286418                     /usr/lib/jvm/java-7-openjdk-amd64/jre/lib/ext/dnsns.jar
7f5fc0ebe000-7f5fc0ec0000 r--s 00012000 08:01 286416                     /usr/lib/jvm/java-7-openjdk-amd64/jre/lib/ext/zipfs.jar
7f5fc0ec0000-7f5fc0ec4000 r--s 00025000 08:01 949171                     /home/proboscis/.sbt/boot/scala-2.10.3/lib/jline.jar
7f5fc0ec4000-7f5fc0ec7000 r--s 00018000 08:01 949167                     /home/proboscis/.sbt/boot/scala-2.10.3/lib/jansi.jar
7f5fc0ec7000-7f5fc0ecf000 rw-s 00000000 08:01 16344                      /tmp/hsperfdata_proboscis/10720 (deleted)
7f5fc0ecf000-7f5fc0ed0000 rw-p 00000000 00:00 0 
7f5fc0ed0000-7f5fc0ed1000 ---p 00000000 00:00 0 
7f5fc0ed1000-7f5fc0ed3000 rw-p 00000000 00:00 0 
7f5fc0ed3000-7f5fc0ed4000 r--p 00022000 08:01 135614                     /lib/x86_64-linux-gnu/ld-2.17.so
7f5fc0ed4000-7f5fc0ed6000 rw-p 00023000 08:01 135614                     /lib/x86_64-linux-gnu/ld-2.17.so
7fff64166000-7fff64188000 rw-p 00000000 00:00 0                          [stack]
7fff641fe000-7fff64200000 r-xp 00000000 00:00 0                          [vdso]
ffffffffff600000-ffffffffff601000 r-xp 00000000 00:00 0                  [vsyscall]

VM Arguments:
jvm_args: -Xbootclasspath/a:/home/proboscis/.sbt/boot/scala-2.10.3/lib/scala-library.jar:/home/proboscis/.sbt/boot/scala-2.10.3/lib/scala-compiler.jar:/home/proboscis/.sbt/boot/scala-2.10.3/lib/jansi.jar:/home/proboscis/.sbt/boot/scala-2.10.3/lib/jline.jar:/home/proboscis/.sbt/boot/scala-2.10.3/lib/scala-reflect.jar 
java_command: scala.tools.nsc.MainGenericRunner -classpath /home/proboscis/Documents/workspace/Match3/desktop/target/scala-2.10/classes:/home/proboscis/Documents/workspace/Match3/common/target/scala-2.10/classes:/home/proboscis/Documents/workspace/Match3/macros/target/scala-2.10/classes:/home/proboscis/Documents/workspace/Match3/desktop/lib/gdx-backend-lwjgl-natives.jar:/home/proboscis/Documents/workspace/Match3/desktop/lib/gdx-backend-lwjgl.jar:/home/proboscis/Documents/workspace/Match3/desktop/lib/gdx-tools.jar:/home/proboscis/Documents/workspace/Match3/desktop/lib/gdx-natives.jar:/home/proboscis/Documents/workspace/Match3/common/lib/gdx-freetype.jar:/home/proboscis/Documents/workspace/Match3/common/lib/slf4j-simple-1.7.5.jar:/home/proboscis/Documents/workspace/Match3/common/lib/js.jar:/home/proboscis/Documents/workspace/Match3/common/lib/tween-engine-api-sources.jar:/home/proboscis/Documents/workspace/Match3/common/lib/gdx.jar:/home/proboscis/Documents/workspace/Match3/common/lib/tween-engine-api.jar:/home/proboscis/Documents/workspace/Match3/common/lib/gdx-freetype-natives.jar:/home/proboscis/.sbt/boot/scala-2.10.3/lib/scala-library.jar:/home/proboscis/.ivy2/cache/org.scalaz/scalaz-core_2.10/bundles/scalaz-core_2.10-7.0.4.jar:/home/proboscis/.ivy2/cache/org.scalaz/scalaz-effect_2.10/bundles/scalaz-effect_2.10-7.0.4.jar:/home/proboscis/.ivy2/cache/org.scalaz/scalaz-typelevel_2.10/bundles/scalaz-typelevel_2.10-7.0.4.jar:/home/proboscis/.ivy2/cache/io.spray/spray-json_2.10/jars/spray-json_2.10-1.2.5.jar:/home/proboscis/.ivy2/cache/org.parboiled/parboiled-scala_2.10/bundles/parboiled-scala_2.10-1.1.5.jar:/home/proboscis/.ivy2/cache/org.parboiled/parboiled-core/bundles/parboiled-core-1.1.5.jar:/home/proboscis/.ivy2/cache/org.scala-lang/scala-reflect/jars/scala-reflect-2.10.3.jar:/home/proboscis/.ivy2/cache/com.googlecode.scalascriptengine/scalascriptengine/jars/scalascriptengine-1.3.7-2.10.3.jar:/home/proboscis/.ivy2/cache/org.scala-tools.time/time_2.9.1/jars/time_
Launcher Type: SUN_STANDARD

Environment Variables:
PATH=/usr/lib/lightdm/lightdm:/usr/local/sbin:/usr/local/bin:/usr/sbin:/usr/bin:/sbin:/bin:/usr/games:/usr/local/games:/home/proboscis/Documents/android-sdk-linux//platform-tools
SHELL=/bin/bash
DISPLAY=:0

Signal Handlers:
SIGSEGV: [libjvm.so+0x916ea0], sa_mask[0]=0x7ffbfeff, sa_flags=0x10000004
SIGBUS: [libjvm.so+0x916ea0], sa_mask[0]=0x7ffbfeff, sa_flags=0x10000004
SIGFPE: [libjvm.so+0x794800], sa_mask[0]=0x7ffbfeff, sa_flags=0x10000004
SIGPIPE: [libjvm.so+0x794800], sa_mask[0]=0x7ffbfeff, sa_flags=0x10000004
SIGXFSZ: [libjvm.so+0x794800], sa_mask[0]=0x7ffbfeff, sa_flags=0x10000004
SIGILL: [libjvm.so+0x794800], sa_mask[0]=0x7ffbfeff, sa_flags=0x10000004
SIGUSR1: SIG_DFL, sa_mask[0]=0x00000000, sa_flags=0x00000000
SIGUSR2: [libjvm.so+0x7946a0], sa_mask[0]=0x00000004, sa_flags=0x10000004
SIGHUP: [libjvm.so+0x794880], sa_mask[0]=0x7ffbfeff, sa_flags=0x10000004
SIGINT: [libjvm.so+0x794880], sa_mask[0]=0x7ffbfeff, sa_flags=0x10000004
SIGTERM: [libjvm.so+0x794880], sa_mask[0]=0x7ffbfeff, sa_flags=0x10000004
SIGQUIT: [libjvm.so+0x794880], sa_mask[0]=0x7ffbfeff, sa_flags=0x10000004


---------------  S Y S T E M  ---------------

OS:Ubuntu 13.10 (saucy)
uname:Linux 3.11.0-15-generic #23-Ubuntu SMP Mon Dec 9 18:17:04 UTC 2013 x86_64
libc:glibc 2.17 NPTL 2.17 
rlimit: STACK 8192k, CORE 0k, NPROC 31415, NOFILE 4096, AS infinity
load average:3.13 1.97 1.09

/proc/meminfo:
MemTotal:        4041384 kB
MemFree:          129068 kB
Buffers:            2176 kB
Cached:           148256 kB
SwapCached:       100900 kB
Active:          2548560 kB
Inactive:         925732 kB
Active(anon):    2492008 kB
Inactive(anon):   877532 kB
Active(file):      56552 kB
Inactive(file):    48200 kB
Unevictable:         124 kB
Mlocked:             124 kB
SwapTotal:       4192252 kB
SwapFree:        3430180 kB
Dirty:               156 kB
Writeback:             0 kB
AnonPages:       3241112 kB
Mapped:           111024 kB
Shmem:             45236 kB
Slab:             105176 kB
SReclaimable:      58208 kB
SUnreclaim:        46968 kB
KernelStack:        7224 kB
PageTables:        48920 kB
NFS_Unstable:          0 kB
Bounce:                0 kB
WritebackTmp:          0 kB
CommitLimit:     6212944 kB
Committed_AS:    9270444 kB
VmallocTotal:   34359738367 kB
VmallocUsed:      168996 kB
VmallocChunk:   34359519904 kB
HardwareCorrupted:     0 kB
AnonHugePages:         0 kB
HugePages_Total:       0
HugePages_Free:        0
HugePages_Rsvd:        0
HugePages_Surp:        0
Hugepagesize:       2048 kB
DirectMap4k:       63360 kB
DirectMap2M:     4130816 kB


CPU:total 6 (1 cores per cpu, 1 threads per core) family 6 model 42 stepping 7, cmov, cx8, fxsr, mmx, sse, sse2, sse3, ssse3, sse4.1, sse4.2, popcnt, avx, aes, tsc, tscinvbit

/proc/cpuinfo:
processor	: 0
vendor_id	: GenuineIntel
cpu family	: 6
model		: 42
model name	: Intel(R) Core(TM) i7-2600 CPU @ 3.40GHz
stepping	: 7
microcode	: 0x28
cpu MHz		: 3392.291
cache size	: 8192 KB
fpu		: yes
fpu_exception	: yes
cpuid level	: 13
wp		: yes
flags		: fpu vme de pse tsc msr pae mce cx8 apic sep mtrr pge mca cmov pat pse36 clflush dts mmx fxsr sse sse2 ss syscall nx rdtscp lm constant_tsc arch_perfmon pebs bts nopl xtopology tsc_reliable nonstop_tsc aperfmperf eagerfpu pni pclmulqdq ssse3 cx16 pcid sse4_1 sse4_2 x2apic popcnt aes xsave avx hypervisor lahf_lm ida arat epb xsaveopt pln pts dtherm
bogomips	: 6784.58
clflush size	: 64
cache_alignment	: 64
address sizes	: 40 bits physical, 48 bits virtual
power management:

processor	: 1
vendor_id	: GenuineIntel
cpu family	: 6
model		: 42
model name	: Intel(R) Core(TM) i7-2600 CPU @ 3.40GHz
stepping	: 7
microcode	: 0x28
cpu MHz		: 3392.291
cache size	: 8192 KB
fpu		: yes
fpu_exception	: yes
cpuid level	: 13
wp		: yes
flags		: fpu vme de pse tsc msr pae mce cx8 apic sep mtrr pge mca cmov pat pse36 clflush dts mmx fxsr sse sse2 ss syscall nx rdtscp lm constant_tsc arch_perfmon pebs bts nopl xtopology tsc_reliable nonstop_tsc aperfmperf eagerfpu pni pclmulqdq ssse3 cx16 pcid sse4_1 sse4_2 x2apic popcnt aes xsave avx hypervisor lahf_lm ida arat epb xsaveopt pln pts dtherm
bogomips	: 6784.58
clflush size	: 64
cache_alignment	: 64
address sizes	: 40 bits physical, 48 bits virtual
power management:

processor	: 2
vendor_id	: GenuineIntel
cpu family	: 6
model		: 42
model name	: Intel(R) Core(TM) i7-2600 CPU @ 3.40GHz
stepping	: 7
microcode	: 0x28
cpu MHz		: 3392.291
cache size	: 8192 KB
fpu		: yes
fpu_exception	: yes
cpuid level	: 13
wp		: yes
flags		: fpu vme de pse tsc msr pae mce cx8 apic sep mtrr pge mca cmov pat pse36 clflush dts mmx fxsr sse sse2 ss syscall nx rdtscp lm constant_tsc arch_perfmon pebs bts nopl xtopology tsc_reliable nonstop_tsc aperfmperf eagerfpu pni pclmulqdq ssse3 cx16 pcid sse4_1 sse4_2 x2apic popcnt aes xsave avx hypervisor lahf_lm ida arat epb xsaveopt pln pts dtherm
bogomips	: 6784.58
clflush size	: 64
cache_alignment	: 64
address sizes	: 40 bits physical, 48 bits virtual
power management:

processor	: 3
vendor_id	: GenuineIntel
cpu family	: 6
model		: 42
model name	: Intel(R) Core(TM) i7-2600 CPU @ 3.40GHz
stepping	: 7
microcode	: 0x28
cpu MHz		: 3392.291
cache size	: 8192 KB
fpu		: yes
fpu_exception	: yes
cpuid level	: 13
wp		: yes
flags		: fpu vme de pse tsc msr pae mce cx8 apic sep mtrr pge mca cmov pat pse36 clflush dts mmx fxsr sse sse2 ss syscall nx rdtscp lm constant_tsc arch_perfmon pebs bts nopl xtopology tsc_reliable nonstop_tsc aperfmperf eagerfpu pni pclmulqdq ssse3 cx16 pcid sse4_1 sse4_2 x2apic popcnt aes xsave avx hypervisor lahf_lm ida arat epb xsaveopt pln pts dtherm
bogomips	: 6784.58
clflush size	: 64
cache_alignment	: 64
address sizes	: 40 bits physical, 48 bits virtual
power management:

processor	: 4
vendor_id	: GenuineIntel
cpu family	: 6
model		: 42
model name	: Intel(R) Core(TM) i7-2600 CPU @ 3.40GHz
stepping	: 7
microcode	: 0x28
cpu MHz		: 3392.291
cache size	: 8192 KB
fpu		: yes
fpu_exception	: yes
cpuid level	: 13
wp		: yes
flags		: fpu vme de pse tsc msr pae mce cx8 apic sep mtrr pge mca cmov pat pse36 clflush dts mmx fxsr sse sse2 ss syscall nx rdtscp lm constant_tsc arch_perfmon pebs bts nopl xtopology tsc_reliable nonstop_tsc aperfmperf eagerfpu pni pclmulqdq ssse3 cx16 pcid sse4_1 sse4_2 x2apic popcnt aes xsave avx hypervisor lahf_lm ida arat epb xsaveopt pln pts dtherm
bogomips	: 6784.58
clflush size	: 64
cache_alignment	: 64
address sizes	: 40 bits physical, 48 bits virtual
power management:

processor	: 5
vendor_id	: GenuineIntel
cpu family	: 6
model		: 42
model name	: Intel(R) Core(TM) i7-2600 CPU @ 3.40GHz
stepping	: 7
microcode	: 0x28
cpu MHz		: 3392.291
cache size	: 8192 KB
fpu		: yes
fpu_exception	: yes
cpuid level	: 13
wp		: yes
flags		: fpu vme de pse tsc msr pae mce cx8 apic sep mtrr pge mca cmov pat pse36 clflush dts mmx fxsr sse sse2 ss syscall nx rdtscp lm constant_tsc arch_perfmon pebs bts nopl xtopology tsc_reliable nonstop_tsc aperfmperf eagerfpu pni pclmulqdq ssse3 cx16 pcid sse4_1 sse4_2 x2apic popcnt aes xsave avx hypervisor lahf_lm ida arat epb xsaveopt pln pts dtherm
bogomips	: 6784.58
clflush size	: 64
cache_alignment	: 64
address sizes	: 40 bits physical, 48 bits virtual
power management:



Memory: 4k page, physical 4041384k(129068k free), swap 4192252k(3430180k free)

vm_info: OpenJDK 64-Bit Server VM (24.45-b08) for linux-amd64 JRE (1.7.0_51-b00), built on Jan 15 2014 22:02:57 by "buildd" with gcc 4.8.1

time: Fri Jan 24 20:24:52 2014
elapsed time: 30 seconds

